08:26:27.877 [main                     ] DEBUG Logger               - Configured Logger
08:26:27.896 [main                     ] DEBUG GameApplication      - Logging settings
Title: Game yay
Version: 0.0
Width: 800
Height: 600
Fullscreen: false
Intro: false
Profiling: false
Single step:false
App Mode: DEVELOPER
Menu Key: ESCAPE
Stage Style: DECORATED
Scene Factory: class com.almasb.fxgl.app.scene.SceneFactory

08:26:28.349 [JavaFX Application Thread] DEBUG FXGLApplication      - Initializing FXGL
08:26:28.353 [JavaFX Application Thread] INFO  Engine               - FXGL-11.15 (13.04.2021 08.23) on WINDOWS (J:14.0.2 FX:15)
08:26:28.354 [JavaFX Application Thread] DEBUG Engine               - JRE Vendor Name: Oracle Corporation
08:26:28.354 [JavaFX Application Thread] DEBUG Engine               - Running on OS: Windows 10 version 10.0
08:26:28.354 [JavaFX Application Thread] DEBUG Engine               - Architecture: amd64
08:26:28.354 [JavaFX Application Thread] INFO  Engine               - Source code and latest versions at: https://github.com/AlmasB/FXGL
08:26:28.355 [JavaFX Application Thread] INFO  Engine               -              Join the FXGL chat at: https://gitter.im/AlmasB/FXGL
08:26:28.510 [JavaFX Application Thread] DEBUG PrimaryStageWindow   - Creating a JavaFX scene
08:26:28.577 [JavaFX Application Thread] DEBUG PrimaryStageWindow   - Target settings size: 800.0 x 600.0
08:26:28.577 [JavaFX Application Thread] DEBUG PrimaryStageWindow   - Scaled scene size:    800.0 x 600.0
08:26:28.577 [JavaFX Application Thread] DEBUG PrimaryStageWindow   - Scaled ratio: (1.0, 1.0)
08:26:28.578 [JavaFX Application Thread] DEBUG PrimaryStageWindow   - Set initial scene to FXGLStartupScene
08:26:28.587 [JavaFX Application Thread] DEBUG PrimaryStageWindow   - Opening main window
08:26:28.701 [JavaFX Application Thread] DEBUG PrimaryStageWindow   - Window border size: (14.4000244140625, 37.5999755859375)
08:26:28.702 [JavaFX Application Thread] DEBUG PrimaryStageWindow   - Scaled size: 800.0 x 600.0
08:26:28.702 [JavaFX Application Thread] DEBUG PrimaryStageWindow   - Scaled ratio: (1.0, 1.0)
08:26:28.703 [JavaFX Application Thread] DEBUG PrimaryStageWindow   - Scene size: 800.0 x 600.0
08:26:28.703 [JavaFX Application Thread] DEBUG PrimaryStageWindow   - Stage size: 814.4000244140625 x 637.5999755859375
08:26:28.713 [FXGL Background Thread 1 ] DEBUG Engine               - Initializing environment variables
08:26:28.774 [FXGL Background Thread 1 ] DEBUG FXGLAssetLoaderServi - User app class for loading assets: class ch.bbbaden.io.game.Starter
08:26:28.775 [FXGL Background Thread 1 ] DEBUG GameApplicationServi - Applying CSS: fxgl_dark.css
08:26:28.776 [FXGL Background Thread 1 ] DEBUG FXGLAssetLoaderServi - Loading from file system: jar:file:/C:/Users/kappe/.m2/repository/com/github/almasb/fxgl/11.15/fxgl-11.15.jar!/fxglassets/ui/css/fxgl_dark.css
08:26:28.840 [FXGL Background Thread 1 ] DEBUG GameApplicationServi - Initializing application scenes
08:26:28.899 [FXGL Background Thread 1 ] DEBUG GameWorld            - Game world initialized
08:26:28.993 [FXGL Background Thread 1 ] DEBUG PhysicsWorld         - Physics world initialized: appHeight=600, physics.ppm=50.0
08:26:28.993 [FXGL Background Thread 1 ] DEBUG PhysicsWorld         - Using strategy: BRUTE_FORCE
08:26:28.996 [FXGL Background Thread 1 ] DEBUG GameScene            - Game scene initialized: 800x600
08:26:29.012 [FXGL Background Thread 1 ] DEBUG FXGL.DefaultMenu     - createMenuBodyGameMenu()
08:26:29.036 [FXGL Background Thread 1 ] DEBUG FXGL.DefaultMenu     - createOptionsMenu()
08:26:29.050 [FXGL Background Thread 1 ] DEBUG FXGLAssetLoaderServi - Loading from file system: jar:file:/C:/Users/kappe/.m2/repository/com/github/almasb/fxgl/11.15/fxgl-11.15.jar!/fxglassets/textures/particles/smoke.png
08:26:29.180 [FXGL Background Thread 1 ] DEBUG FXGLAssetLoaderServi - Loading from file system: jar:file:/C:/Users/kappe/.m2/repository/com/github/almasb/fxgl/11.15/fxgl-11.15.jar!/fxglassets/textures/particles/trace_horizontal.png
08:26:29.220 [FXGL Background Thread 1 ] DEBUG GameApplicationServi - Application scenes initialized
08:26:29.239 [FXGL Background Thread 1 ] DEBUG SystemBundleService  - Loading default FXGL system data
08:26:29.239 [FXGL Background Thread 1 ] DEBUG UpdaterService       - Checking for updates
08:26:29.244 [FXGL Background Thread 4 ] DEBUG FXGLApplication      - Loading fonts
08:26:29.245 [FXGL Background Thread 1 ] DEBUG FXGLApplication      - Loading default localization
08:26:29.246 [FXGL Background Thread 4 ] DEBUG FXGLAssetLoaderServi - Loading from file system: jar:file:/C:/Users/kappe/.m2/repository/com/github/almasb/fxgl/11.15/fxgl-11.15.jar!/fxglassets/ui/fonts/VarelaRound-Regular.ttf
08:26:29.247 [FXGL Background Thread 1 ] DEBUG FXGLAssetLoaderServi - Loading from file system: jar:file:/C:/Users/kappe/.m2/repository/com/github/almasb/fxgl/11.15/fxgl-11.15.jar!/fxglassets/languages/english.lang
08:26:29.269 [FXGL Background Thread 1 ] INFO  FXGLApplication      - FXGL initialization took: 0.556 sec
08:26:29.271 [JavaFX Application Thread] DEBUG FXGLAssetLoaderServi - Loading from file system: jar:file:/C:/Users/kappe/.m2/repository/com/github/almasb/fxgl/11.15/fxgl-11.15.jar!/fxglassets/textures/fxgl_icon.png
08:26:29.309 [JavaFX Application Thread] DEBUG FXGLAssetLoaderServi - Loading from file system: jar:file:/C:/Users/kappe/.m2/repository/com/github/almasb/fxgl/11.15/fxgl-11.15.jar!/fxglassets/ui/cursors/fxgl_default.png
08:26:29.323 [JavaFX Application Thread] DEBUG Input                - Registered new binding: Screenshot - CTRL+8
08:26:29.324 [JavaFX Application Thread] DEBUG Input                - Registered new binding: System info dump - CTRL+9
08:26:29.325 [JavaFX Application Thread] DEBUG Input                - Registered new binding: Restart - CTRL+R
08:26:29.326 [JavaFX Application Thread] DEBUG Input                - Registered new binding: Toggle Debug Camera - CTRL+C
08:26:29.329 [JavaFX Application Thread] DEBUG LoopRunner           - Starting loop
08:26:29.329 [JavaFX Application Thread] DEBUG LoopRunner           - Initializing JavaFX AnimationTimerLoop
08:26:29.331 [JavaFX Application Thread] DEBUG GameApplicationServi - Starting new game
08:26:29.332 [JavaFX Application Thread] DEBUG Input                - Clearing active input actions
08:26:29.334 [FXGL Background Thread 4 ] DEBUG FXGLAssetLoaderServi - Loading from file system: jar:file:/C:/Users/kappe/.m2/repository/com/github/almasb/fxgl/11.15/fxgl-11.15.jar!/fxglassets/ui/fonts/Abel-Regular.ttf
08:26:29.339 [FXGL Background Thread 4 ] DEBUG FXGLAssetLoaderServi - Loading from file system: jar:file:/C:/Users/kappe/.m2/repository/com/github/almasb/fxgl/11.15/fxgl-11.15.jar!/fxglassets/ui/fonts/lucida_console.ttf
08:26:29.348 [FXGL Background Thread 4 ] DEBUG FXGLAssetLoaderServi - Loading from file system: jar:file:/C:/Users/kappe/.m2/repository/com/github/almasb/fxgl/11.15/fxgl-11.15.jar!/fxglassets/ui/fonts/Courier-Prime.ttf
08:26:29.349 [JavaFX Application Thread] DEBUG GameApplicationServi - Removing overlay from FXGLStartupScene and adding to FXGLLoadingScene
08:26:29.350 [JavaFX Application Thread] DEBUG PrimaryStageWindow   - FXGLStartupScene -> FXGLLoadingScene
08:26:29.350 [JavaFX Application Thread] DEBUG GameApplicationServi - Clearing previous game
08:26:29.350 [JavaFX Application Thread] DEBUG GameScene            - Clearing game scene
08:26:29.350 [JavaFX Application Thread] DEBUG GameWorld            - Clearing game world
08:26:29.351 [JavaFX Application Thread] DEBUG PhysicsWorld         - Clearing physics world
08:26:29.353 [FXGL Background Thread 1 ] DEBUG FXGLApplication      - Initializing game
08:26:29.354 [FXGL Background Thread 1 ] INFO  FXGLApplication      - Game initialization took: 0.001 sec
08:26:29.403 [JavaFX Application Thread] DEBUG Input                - Clearing active input actions
08:26:29.413 [JavaFX Application Thread] DEBUG GameApplicationServi - Removing overlay from FXGLLoadingScene and adding to GameScene
08:26:29.413 [JavaFX Application Thread] DEBUG PrimaryStageWindow   - FXGLLoadingScene -> GameScene
08:26:29.414 [JavaFX Application Thread] DEBUG FXGLApplication      - Registering font factories with UI factory
08:26:32.245 [FXGL Background Thread 3 ] DEBUG Engine               - Logging environment variables
08:26:32.245 [FXGL Background Thread 3 ] DEBUG Engine               - achievements: []
08:26:32.245 [FXGL Background Thread 3 ] DEBUG Engine               - actualHeight: 600.0
08:26:32.245 [FXGL Background Thread 3 ] DEBUG Engine               - actualHeightProperty: ReadOnlyDoubleProperty [value: 600.0]
08:26:32.245 [FXGL Background Thread 3 ] DEBUG Engine               - actualWidth: 800.0
08:26:32.246 [FXGL Background Thread 3 ] DEBUG Engine               - actualWidthProperty: ReadOnlyDoubleProperty [value: 800.0]
08:26:32.246 [FXGL Background Thread 3 ] DEBUG Engine               - appIcon: fxgl_icon.png
08:26:32.246 [FXGL Background Thread 3 ] DEBUG Engine               - applicationMode: DEVELOPER
08:26:32.246 [FXGL Background Thread 3 ] DEBUG Engine               - cSSList: [fxgl_dark.css]
08:26:32.246 [FXGL Background Thread 3 ] DEBUG Engine               - collisionDetectionStrategy: BRUTE_FORCE
08:26:32.246 [FXGL Background Thread 3 ] DEBUG Engine               - configClass: Optional.empty
08:26:32.246 [FXGL Background Thread 3 ] DEBUG Engine               - credits: []
08:26:32.247 [FXGL Background Thread 3 ] DEBUG Engine               - devBBoxColorProperty: ObjectProperty [value: 0xff0000ff]
08:26:32.247 [FXGL Background Thread 3 ] DEBUG Engine               - devEnableDebugCameraProperty: BooleanProperty [value: false]
08:26:32.247 [FXGL Background Thread 3 ] DEBUG Engine               - devSensorColorProperty: ObjectProperty [value: 0xffff00ff]
08:26:32.247 [FXGL Background Thread 3 ] DEBUG Engine               - devShowBBoxProperty: BooleanProperty [value: false]
08:26:32.247 [FXGL Background Thread 3 ] DEBUG Engine               - devShowPositionProperty: BooleanProperty [value: false]
08:26:32.247 [FXGL Background Thread 3 ] DEBUG Engine               - enabledMenuItems: []
08:26:32.247 [FXGL Background Thread 3 ] DEBUG Engine               - engineServices: [class com.almasb.fxgl.app.services.FXGLAssetLoaderService, class com.almasb.fxgl.app.FXGLApplication$GameApplicationService, class com.almasb.fxgl.app.services.FXGLDialogService, class com.almasb.fxgl.app.services.IOTaskExecutorService, class com.almasb.fxgl.event.EventBusService, class com.almasb.fxgl.io.FileSystemService, class com.almasb.fxgl.localization.LocalizationService, class com.almasb.fxgl.app.services.SystemBundleService, class com.almasb.fxgl.profile.SaveLoadService, class com.almasb.fxgl.ui.FXGLUIFactoryServiceProvider, class com.almasb.fxgl.ui.FXGLDialogFactoryServiceProvider, class com.almasb.fxgl.audio.AudioPlayer, class com.almasb.fxgl.notification.impl.NotificationServiceProvider, class com.almasb.fxgl.achievement.AchievementService, class com.almasb.fxgl.cutscene.CutsceneService, class com.almasb.fxgl.minigames.MiniGameService, class com.almasb.fxgl.net.NetService, class com.almasb.fxgl.app.services.UpdaterService, class com.almasb.fxgl.dev.DevService]
08:26:32.248 [FXGL Background Thread 3 ] DEBUG Engine               - fontGame: Abel-Regular.ttf
08:26:32.248 [FXGL Background Thread 3 ] DEBUG Engine               - fontMono: lucida_console.ttf
08:26:32.248 [FXGL Background Thread 3 ] DEBUG Engine               - fontText: Courier-Prime.ttf
08:26:32.248 [FXGL Background Thread 3 ] DEBUG Engine               - fontUI: VarelaRound-Regular.ttf
08:26:32.248 [FXGL Background Thread 3 ] DEBUG Engine               - fullScreen: BooleanProperty [value: false]
08:26:32.248 [FXGL Background Thread 3 ] DEBUG Engine               - gameDifficulty: MEDIUM
08:26:32.249 [FXGL Background Thread 3 ] DEBUG Engine               - gameDifficultyProperty: ObjectProperty [value: MEDIUM]
08:26:32.249 [FXGL Background Thread 3 ] DEBUG Engine               - globalMusicVolume: 0.5
08:26:32.249 [FXGL Background Thread 3 ] DEBUG Engine               - globalMusicVolumeProperty: DoubleProperty [value: 0.5]
08:26:32.249 [FXGL Background Thread 3 ] DEBUG Engine               - globalSoundVolume: 0.5
08:26:32.249 [FXGL Background Thread 3 ] DEBUG Engine               - globalSoundVolumeProperty: DoubleProperty [value: 0.5]
08:26:32.249 [FXGL Background Thread 3 ] DEBUG Engine               - height: 600
08:26:32.249 [FXGL Background Thread 3 ] DEBUG Engine               - isAndroid: false
08:26:32.250 [FXGL Background Thread 3 ] DEBUG Engine               - isBrowser: false
08:26:32.250 [FXGL Background Thread 3 ] DEBUG Engine               - isClickFeedbackEnabled: false
08:26:32.250 [FXGL Background Thread 3 ] DEBUG Engine               - isCloseConfirmation: false
08:26:32.250 [FXGL Background Thread 3 ] DEBUG Engine               - isDesktop: true
08:26:32.250 [FXGL Background Thread 3 ] DEBUG Engine               - isDeveloperMenuEnabled: false
08:26:32.250 [FXGL Background Thread 3 ] DEBUG Engine               - isEntityPreloadEnabled: true
08:26:32.250 [FXGL Background Thread 3 ] DEBUG Engine               - isExperimental3D: false
08:26:32.250 [FXGL Background Thread 3 ] DEBUG Engine               - isExperimentalNative: false
08:26:32.250 [FXGL Background Thread 3 ] DEBUG Engine               - isExperimentalTiledLargeMap: false
08:26:32.250 [FXGL Background Thread 3 ] DEBUG Engine               - isFileSystemWriteAllowed: true
08:26:32.251 [FXGL Background Thread 3 ] DEBUG Engine               - isFullScreenAllowed: false
08:26:32.251 [FXGL Background Thread 3 ] DEBUG Engine               - isFullScreenFromStart: false
08:26:32.251 [FXGL Background Thread 3 ] DEBUG Engine               - isGameMenuEnabled: true
08:26:32.251 [FXGL Background Thread 3 ] DEBUG Engine               - isIOS: false
08:26:32.251 [FXGL Background Thread 3 ] DEBUG Engine               - isIntroEnabled: false
08:26:32.251 [FXGL Background Thread 3 ] DEBUG Engine               - isLinux: false
08:26:32.251 [FXGL Background Thread 3 ] DEBUG Engine               - isMac: false
08:26:32.251 [FXGL Background Thread 3 ] DEBUG Engine               - isMainMenuEnabled: false
08:26:32.251 [FXGL Background Thread 3 ] DEBUG Engine               - isManualResizeEnabled: false
08:26:32.251 [FXGL Background Thread 3 ] DEBUG Engine               - isMobile: false
08:26:32.251 [FXGL Background Thread 3 ] DEBUG Engine               - isPreserveResizeRatio: false
08:26:32.252 [FXGL Background Thread 3 ] DEBUG Engine               - isProfilingEnabled: false
08:26:32.252 [FXGL Background Thread 3 ] DEBUG Engine               - isScaleAffectedOnResize: true
08:26:32.252 [FXGL Background Thread 3 ] DEBUG Engine               - isSingleStep: false
08:26:32.252 [FXGL Background Thread 3 ] DEBUG Engine               - isUserProfileEnabled: false
08:26:32.252 [FXGL Background Thread 3 ] DEBUG Engine               - isWindows: true
08:26:32.252 [FXGL Background Thread 3 ] DEBUG Engine               - language: ObjectProperty [value: ENGLISH]
08:26:32.252 [FXGL Background Thread 3 ] DEBUG Engine               - menuKey: ESCAPE
08:26:32.252 [FXGL Background Thread 3 ] DEBUG Engine               - notificationViewClass: class com.almasb.fxgl.notification.view.XboxNotificationView
08:26:32.252 [FXGL Background Thread 3 ] DEBUG Engine               - pixelsPerMeter: 50.0
08:26:32.252 [FXGL Background Thread 3 ] DEBUG Engine               - platform: WINDOWS
08:26:32.253 [FXGL Background Thread 3 ] DEBUG Engine               - prefHeightProperty: ReadOnlyDoubleProperty [value: 600.0]
08:26:32.253 [FXGL Background Thread 3 ] DEBUG Engine               - prefWidthProperty: ReadOnlyDoubleProperty [value: 800.0]
08:26:32.253 [FXGL Background Thread 3 ] DEBUG Engine               - profileDir: profiles/
08:26:32.253 [FXGL Background Thread 3 ] DEBUG Engine               - profileName: StringProperty [value: DEFAULT]
08:26:32.253 [FXGL Background Thread 3 ] DEBUG Engine               - randomSeed: -1
08:26:32.253 [FXGL Background Thread 3 ] DEBUG Engine               - runtimeInfo: RuntimeInfo(platform=WINDOWS, version=11.15, build=13.04.2021 08.23)
08:26:32.253 [FXGL Background Thread 3 ] DEBUG Engine               - saveFileExt: sav
08:26:32.253 [FXGL Background Thread 3 ] DEBUG Engine               - scaledHeightProp$fxgl: DoubleProperty [bound, value: 600.0]
08:26:32.253 [FXGL Background Thread 3 ] DEBUG Engine               - scaledWidthProp$fxgl: DoubleProperty [bound, value: 800.0]
08:26:32.253 [FXGL Background Thread 3 ] DEBUG Engine               - sceneFactory: com.almasb.fxgl.app.scene.SceneFactory@3683bb88
08:26:32.254 [FXGL Background Thread 3 ] DEBUG Engine               - secondsIn24h: 60
08:26:32.254 [FXGL Background Thread 3 ] DEBUG Engine               - soundMenuBack: menu/back.wav
08:26:32.254 [FXGL Background Thread 3 ] DEBUG Engine               - soundMenuPress: menu/press.wav
08:26:32.254 [FXGL Background Thread 3 ] DEBUG Engine               - soundMenuSelect: menu/select.wav
08:26:32.254 [FXGL Background Thread 3 ] DEBUG Engine               - soundNotification: core/notification.wav
08:26:32.254 [FXGL Background Thread 3 ] DEBUG Engine               - stageStyle: DECORATED
08:26:32.254 [FXGL Background Thread 3 ] DEBUG Engine               - supportedLanguages: [ENGLISH, FRENCH, GERMAN, HUNGARIAN, RUSSIAN]
08:26:32.254 [FXGL Background Thread 3 ] DEBUG Engine               - ticksPerSecond: -1
08:26:32.254 [FXGL Background Thread 3 ] DEBUG Engine               - title: Game yay
08:26:32.254 [FXGL Background Thread 3 ] DEBUG Engine               - urlGithub: https://github.com/AlmasB/FXGL
08:26:32.255 [FXGL Background Thread 3 ] DEBUG Engine               - urlLeaderboard: http://fxgl-top.herokuapp.com/
08:26:32.255 [FXGL Background Thread 3 ] DEBUG Engine               - urlPOM: https://raw.githubusercontent.com/AlmasB/FXGL/release/README.md
08:26:32.255 [FXGL Background Thread 3 ] DEBUG Engine               - userAppClass: class ch.bbbaden.io.game.Starter
08:26:32.255 [FXGL Background Thread 3 ] DEBUG Engine               - version: 0.0
08:26:32.255 [FXGL Background Thread 3 ] DEBUG Engine               - versionCheckDays: 7
08:26:32.255 [FXGL Background Thread 3 ] DEBUG Engine               - width: 800
08:26:32.255 [FXGL Background Thread 3 ] DEBUG Engine               - Logging services
08:26:32.255 [FXGL Background Thread 3 ] DEBUG Engine               - class com.almasb.fxgl.app.services.FXGLAssetLoaderService
08:26:32.255 [FXGL Background Thread 3 ] DEBUG Engine               - class com.almasb.fxgl.app.FXGLApplication$GameApplicationService
08:26:32.255 [FXGL Background Thread 3 ] DEBUG Engine               - class com.almasb.fxgl.app.services.FXGLDialogService
08:26:32.256 [FXGL Background Thread 3 ] DEBUG Engine               - class com.almasb.fxgl.app.services.IOTaskExecutorService
08:26:32.256 [FXGL Background Thread 3 ] DEBUG Engine               - class com.almasb.fxgl.event.EventBusService
08:26:32.256 [FXGL Background Thread 3 ] DEBUG Engine               - class com.almasb.fxgl.io.FileSystemService
08:26:32.256 [FXGL Background Thread 3 ] DEBUG Engine               - class com.almasb.fxgl.localization.LocalizationService
08:26:32.256 [FXGL Background Thread 3 ] DEBUG Engine               - class com.almasb.fxgl.app.services.SystemBundleService
08:26:32.256 [FXGL Background Thread 3 ] DEBUG Engine               - class com.almasb.fxgl.profile.SaveLoadService
08:26:32.256 [FXGL Background Thread 3 ] DEBUG Engine               - class com.almasb.fxgl.ui.FXGLUIFactoryServiceProvider
08:26:32.256 [FXGL Background Thread 3 ] DEBUG Engine               - class com.almasb.fxgl.ui.FXGLDialogFactoryServiceProvider
08:26:32.256 [FXGL Background Thread 3 ] DEBUG Engine               - class com.almasb.fxgl.audio.AudioPlayer
08:26:32.256 [FXGL Background Thread 3 ] DEBUG Engine               - class com.almasb.fxgl.notification.impl.NotificationServiceProvider
08:26:32.257 [FXGL Background Thread 3 ] DEBUG Engine               - class com.almasb.fxgl.achievement.AchievementService
08:26:32.257 [FXGL Background Thread 3 ] DEBUG Engine               - class com.almasb.fxgl.cutscene.CutsceneService
08:26:32.257 [FXGL Background Thread 3 ] DEBUG Engine               - class com.almasb.fxgl.minigames.MiniGameService
08:26:32.257 [FXGL Background Thread 3 ] DEBUG Engine               - class com.almasb.fxgl.net.NetService
08:26:32.257 [FXGL Background Thread 3 ] DEBUG Engine               - class com.almasb.fxgl.app.services.UpdaterService
08:26:32.257 [FXGL Background Thread 3 ] DEBUG Engine               - class com.almasb.fxgl.dev.DevService
08:26:44.534 [JavaFX Application Thread] DEBUG FXGLApplication      - Exiting FXGL
08:26:44.534 [JavaFX Application Thread] DEBUG LoopRunner           - Stopping loop
08:26:44.534 [JavaFX Application Thread] DEBUG SystemBundleService  - Saving FXGL system data
08:26:44.536 [JavaFX Application Thread] DEBUG FileSystemAccess     - Writing to: C:\Users\kappe\Documents\NetBeansProjects\io-game\system\fxgl.bundle
08:26:44.542 [JavaFX Application Thread] DEBUG Async                - Shutting down background threads
08:26:44.542 [JavaFX Application Thread] DEBUG PrimaryStageWindow   - Closing main window
08:26:44.559 [JavaFX Application Thread] DEBUG Logger               - Closing Logger
