11:01:29.644 [main                     ] DEBUG Logger               - Configured Logger
11:01:29.655 [main                     ] DEBUG GameApplication      - Logging settings
Title: Diep.io 2.0
Version: 0.0
Width: 1228
Height: 691
Fullscreen: true
Intro: false
Profiling: false
Single step:false
App Mode: DEVELOPER
Menu Key: ESCAPE
Stage Style: DECORATED
Scene Factory: class com.almasb.fxgl.app.scene.SceneFactory

11:01:30.006 [JavaFX Application Thread] DEBUG FXGLApplication      - Initializing FXGL
11:01:30.010 [JavaFX Application Thread] INFO  Engine               - FXGL-11.15 (13.04.2021 08.23) on WINDOWS (J:14.0.2 FX:15)
11:01:30.010 [JavaFX Application Thread] DEBUG Engine               - JRE Vendor Name: Oracle Corporation
11:01:30.010 [JavaFX Application Thread] DEBUG Engine               - Running on OS: Windows 10 version 10.0
11:01:30.011 [JavaFX Application Thread] DEBUG Engine               - Architecture: amd64
11:01:30.011 [JavaFX Application Thread] INFO  Engine               - Source code and latest versions at: https://github.com/AlmasB/FXGL
11:01:30.011 [JavaFX Application Thread] INFO  Engine               -              Join the FXGL chat at: https://gitter.im/AlmasB/FXGL
11:01:30.135 [JavaFX Application Thread] DEBUG PrimaryStageWindow   - Creating a JavaFX scene
11:01:30.185 [JavaFX Application Thread] DEBUG PrimaryStageWindow   - Target settings size: 1228.0 x 691.0
11:01:30.186 [JavaFX Application Thread] DEBUG PrimaryStageWindow   - Scaled scene size:    1228.0 x 691.0
11:01:30.186 [JavaFX Application Thread] DEBUG PrimaryStageWindow   - Scaled ratio: (1.0, 1.0)
11:01:30.187 [JavaFX Application Thread] DEBUG PrimaryStageWindow   - Set initial scene to FXGLStartupScene
11:01:30.195 [JavaFX Application Thread] DEBUG PrimaryStageWindow   - Opening main window
11:01:30.311 [JavaFX Application Thread] DEBUG PrimaryStageWindow   - Window border size: (14.4000244140625, 37.79998779296875)
11:01:30.311 [JavaFX Application Thread] DEBUG PrimaryStageWindow   - Scaled size: 1228.0 x 691.0
11:01:30.312 [JavaFX Application Thread] DEBUG PrimaryStageWindow   - Scaled ratio: (1.0, 1.0)
11:01:30.312 [JavaFX Application Thread] DEBUG PrimaryStageWindow   - Scene size: 1228.0 x 691.0
11:01:30.312 [JavaFX Application Thread] DEBUG PrimaryStageWindow   - Stage size: 1242.4000244140625 x 728.7999877929688
11:01:30.320 [FXGL Background Thread 1 ] DEBUG Engine               - Initializing environment variables
11:01:30.367 [FXGL Background Thread 1 ] DEBUG FXGLAssetLoaderServi - User app class for loading assets: class ch.bbbaden.io.game.Starter
11:01:30.368 [FXGL Background Thread 1 ] DEBUG GameApplicationServi - Applying CSS: fxgl_dark.css
11:01:30.370 [FXGL Background Thread 1 ] DEBUG FXGLAssetLoaderServi - Loading from file system: jar:file:/C:/Users/kappe/.m2/repository/com/github/almasb/fxgl/11.15/fxgl-11.15.jar!/fxglassets/ui/css/fxgl_dark.css
11:01:30.426 [FXGL Background Thread 1 ] DEBUG GameApplicationServi - Initializing application scenes
11:01:30.470 [FXGL Background Thread 1 ] DEBUG GameWorld            - Game world initialized
11:01:30.554 [FXGL Background Thread 1 ] DEBUG PhysicsWorld         - Physics world initialized: appHeight=691, physics.ppm=50.0
11:01:30.554 [FXGL Background Thread 1 ] DEBUG PhysicsWorld         - Using strategy: BRUTE_FORCE
11:01:30.557 [FXGL Background Thread 1 ] DEBUG GameScene            - Game scene initialized: 1228x691
11:01:30.575 [FXGL Background Thread 1 ] DEBUG FXGL.DefaultMenu     - createMenuBodyGameMenu()
11:01:30.595 [FXGL Background Thread 1 ] DEBUG FXGL.DefaultMenu     - createOptionsMenu()
11:01:30.607 [FXGL Background Thread 1 ] DEBUG FXGLAssetLoaderServi - Loading from file system: jar:file:/C:/Users/kappe/.m2/repository/com/github/almasb/fxgl/11.15/fxgl-11.15.jar!/fxglassets/textures/particles/smoke.png
11:01:30.701 [FXGL Background Thread 1 ] DEBUG FXGLAssetLoaderServi - Loading from file system: jar:file:/C:/Users/kappe/.m2/repository/com/github/almasb/fxgl/11.15/fxgl-11.15.jar!/fxglassets/textures/particles/trace_horizontal.png
11:01:30.731 [FXGL Background Thread 1 ] DEBUG GameApplicationServi - Application scenes initialized
11:01:30.741 [FXGL Background Thread 1 ] DEBUG SystemBundleService  - Loading FXGL system data
11:01:30.744 [FXGL Background Thread 1 ] DEBUG FileSystemAccess     - Reading from: C:\Users\kappe\Desktop\io-game\system\fxgl.bundle
11:01:30.750 [FXGL Background Thread 1 ] DEBUG SystemBundleService  - Bundle FXGL: {}
11:01:30.750 [FXGL Background Thread 1 ] DEBUG UpdaterService       - Checking for updates
11:01:30.754 [FXGL Background Thread 4 ] DEBUG FXGLApplication      - Loading fonts
11:01:30.754 [FXGL Background Thread 1 ] DEBUG FXGLApplication      - Loading default localization
11:01:30.755 [FXGL Background Thread 4 ] DEBUG FXGLAssetLoaderServi - Loading from file system: jar:file:/C:/Users/kappe/.m2/repository/com/github/almasb/fxgl/11.15/fxgl-11.15.jar!/fxglassets/ui/fonts/VarelaRound-Regular.ttf
11:01:30.755 [FXGL Background Thread 1 ] DEBUG FXGLAssetLoaderServi - Loading from file system: jar:file:/C:/Users/kappe/.m2/repository/com/github/almasb/fxgl/11.15/fxgl-11.15.jar!/fxglassets/languages/english.lang
11:01:30.772 [FXGL Background Thread 1 ] INFO  FXGLApplication      - FXGL initialization took: 0.452 sec
11:01:30.783 [JavaFX Application Thread] DEBUG Input                - Registered new binding: action0 - W
11:01:30.784 [JavaFX Application Thread] DEBUG Input                - Registered new binding: action1 - S
11:01:30.784 [JavaFX Application Thread] DEBUG Input                - Registered new binding: action2 - A
11:01:30.785 [JavaFX Application Thread] DEBUG Input                - Registered new binding: action3 - D
11:01:30.785 [JavaFX Application Thread] DEBUG Input                - Registered new binding: action4 - O
11:01:30.787 [JavaFX Application Thread] DEBUG Input                - Registered new binding: action5 - LMB
11:01:30.787 [JavaFX Application Thread] DEBUG FXGLAssetLoaderServi - Loading from file system: jar:file:/C:/Users/kappe/.m2/repository/com/github/almasb/fxgl/11.15/fxgl-11.15.jar!/fxglassets/textures/fxgl_icon.png
11:01:30.811 [FXGL Background Thread 4 ] DEBUG FXGLAssetLoaderServi - Loading from file system: jar:file:/C:/Users/kappe/.m2/repository/com/github/almasb/fxgl/11.15/fxgl-11.15.jar!/fxglassets/ui/fonts/Abel-Regular.ttf
11:01:30.815 [JavaFX Application Thread] DEBUG FXGLAssetLoaderServi - Loading from file system: jar:file:/C:/Users/kappe/.m2/repository/com/github/almasb/fxgl/11.15/fxgl-11.15.jar!/fxglassets/ui/cursors/fxgl_default.png
11:01:30.815 [FXGL Background Thread 4 ] DEBUG FXGLAssetLoaderServi - Loading from file system: jar:file:/C:/Users/kappe/.m2/repository/com/github/almasb/fxgl/11.15/fxgl-11.15.jar!/fxglassets/ui/fonts/lucida_console.ttf
11:01:30.817 [JavaFX Application Thread] DEBUG Input                - Registered new binding: Screenshot - CTRL+8
11:01:30.818 [JavaFX Application Thread] DEBUG Input                - Registered new binding: System info dump - CTRL+9
11:01:30.818 [JavaFX Application Thread] DEBUG Input                - Registered new binding: Restart - CTRL+R
11:01:30.819 [JavaFX Application Thread] DEBUG Input                - Registered new binding: Toggle Debug Camera - CTRL+C
11:01:30.821 [FXGL Background Thread 4 ] DEBUG FXGLAssetLoaderServi - Loading from file system: jar:file:/C:/Users/kappe/.m2/repository/com/github/almasb/fxgl/11.15/fxgl-11.15.jar!/fxglassets/ui/fonts/Courier-Prime.ttf
11:01:30.822 [JavaFX Application Thread] DEBUG LoopRunner           - Starting loop
11:01:30.822 [JavaFX Application Thread] DEBUG LoopRunner           - Initializing JavaFX AnimationTimerLoop
11:01:30.824 [JavaFX Application Thread] DEBUG GameApplicationServi - Starting new game
11:01:30.824 [JavaFX Application Thread] DEBUG Input                - Clearing active input actions
11:01:30.835 [JavaFX Application Thread] DEBUG GameApplicationServi - Removing overlay from FXGLStartupScene and adding to FXGLLoadingScene
11:01:30.836 [JavaFX Application Thread] DEBUG PrimaryStageWindow   - FXGLStartupScene -> FXGLLoadingScene
11:01:30.836 [JavaFX Application Thread] DEBUG GameApplicationServi - Clearing previous game
11:01:30.836 [JavaFX Application Thread] DEBUG GameScene            - Clearing game scene
11:01:30.836 [JavaFX Application Thread] DEBUG GameWorld            - Clearing game world
11:01:30.836 [JavaFX Application Thread] DEBUG PhysicsWorld         - Clearing physics world
11:01:30.837 [JavaFX Application Thread] DEBUG FXGLApplication      - Registering font factories with UI factory
11:01:30.837 [FXGL Background Thread 4 ] DEBUG FXGLApplication      - Initializing game
11:01:30.867 [FXGL Background Thread 4 ] INFO  FXGLApplication      - Game initialization took: 0.030 sec
11:01:30.887 [JavaFX Application Thread] DEBUG Input                - Clearing active input actions
11:01:30.902 [JavaFX Application Thread] DEBUG GameApplicationServi - Removing overlay from FXGLLoadingScene and adding to GameScene
11:01:30.902 [JavaFX Application Thread] DEBUG PrimaryStageWindow   - FXGLLoadingScene -> GameScene
11:01:33.760 [FXGL Background Thread 3 ] DEBUG Engine               - Logging environment variables
11:01:33.761 [FXGL Background Thread 3 ] DEBUG Engine               - achievements: []
11:01:33.761 [FXGL Background Thread 3 ] DEBUG Engine               - actualHeight: 691.0
11:01:33.761 [FXGL Background Thread 3 ] DEBUG Engine               - actualHeightProperty: ReadOnlyDoubleProperty [value: 691.0]
11:01:33.761 [FXGL Background Thread 3 ] DEBUG Engine               - actualWidth: 1228.0
11:01:33.761 [FXGL Background Thread 3 ] DEBUG Engine               - actualWidthProperty: ReadOnlyDoubleProperty [value: 1228.0]
11:01:33.761 [FXGL Background Thread 3 ] DEBUG Engine               - appIcon: fxgl_icon.png
11:01:33.762 [FXGL Background Thread 3 ] DEBUG Engine               - applicationMode: DEVELOPER
11:01:33.762 [FXGL Background Thread 3 ] DEBUG Engine               - cSSList: [fxgl_dark.css]
11:01:33.762 [FXGL Background Thread 3 ] DEBUG Engine               - collisionDetectionStrategy: BRUTE_FORCE
11:01:33.762 [FXGL Background Thread 3 ] DEBUG Engine               - configClass: Optional.empty
11:01:33.762 [FXGL Background Thread 3 ] DEBUG Engine               - credits: []
11:01:33.762 [FXGL Background Thread 3 ] DEBUG Engine               - devBBoxColorProperty: ObjectProperty [value: 0xff0000ff]
11:01:33.763 [FXGL Background Thread 3 ] DEBUG Engine               - devEnableDebugCameraProperty: BooleanProperty [value: false]
11:01:33.763 [FXGL Background Thread 3 ] DEBUG Engine               - devSensorColorProperty: ObjectProperty [value: 0xffff00ff]
11:01:33.763 [FXGL Background Thread 3 ] DEBUG Engine               - devShowBBoxProperty: BooleanProperty [value: false]
11:01:33.763 [FXGL Background Thread 3 ] DEBUG Engine               - devShowPositionProperty: BooleanProperty [value: false]
11:01:33.763 [FXGL Background Thread 3 ] DEBUG Engine               - enabledMenuItems: []
11:01:33.763 [FXGL Background Thread 3 ] DEBUG Engine               - engineServices: [class com.almasb.fxgl.app.services.FXGLAssetLoaderService, class com.almasb.fxgl.app.FXGLApplication$GameApplicationService, class com.almasb.fxgl.app.services.FXGLDialogService, class com.almasb.fxgl.app.services.IOTaskExecutorService, class com.almasb.fxgl.event.EventBusService, class com.almasb.fxgl.io.FileSystemService, class com.almasb.fxgl.localization.LocalizationService, class com.almasb.fxgl.app.services.SystemBundleService, class com.almasb.fxgl.profile.SaveLoadService, class com.almasb.fxgl.ui.FXGLUIFactoryServiceProvider, class com.almasb.fxgl.ui.FXGLDialogFactoryServiceProvider, class com.almasb.fxgl.audio.AudioPlayer, class com.almasb.fxgl.notification.impl.NotificationServiceProvider, class com.almasb.fxgl.achievement.AchievementService, class com.almasb.fxgl.cutscene.CutsceneService, class com.almasb.fxgl.minigames.MiniGameService, class com.almasb.fxgl.net.NetService, class com.almasb.fxgl.app.services.UpdaterService, class com.almasb.fxgl.dev.DevService]
11:01:33.764 [FXGL Background Thread 3 ] DEBUG Engine               - fontGame: Abel-Regular.ttf
11:01:33.764 [FXGL Background Thread 3 ] DEBUG Engine               - fontMono: lucida_console.ttf
11:01:33.764 [FXGL Background Thread 3 ] DEBUG Engine               - fontText: Courier-Prime.ttf
11:01:33.764 [FXGL Background Thread 3 ] DEBUG Engine               - fontUI: VarelaRound-Regular.ttf
11:01:33.764 [FXGL Background Thread 3 ] DEBUG Engine               - fullScreen: BooleanProperty [value: false]
11:01:33.764 [FXGL Background Thread 3 ] DEBUG Engine               - gameDifficulty: MEDIUM
11:01:33.764 [FXGL Background Thread 3 ] DEBUG Engine               - gameDifficultyProperty: ObjectProperty [value: MEDIUM]
11:01:33.765 [FXGL Background Thread 3 ] DEBUG Engine               - globalMusicVolume: 0.5
11:01:33.765 [FXGL Background Thread 3 ] DEBUG Engine               - globalMusicVolumeProperty: DoubleProperty [value: 0.5]
11:01:33.765 [FXGL Background Thread 3 ] DEBUG Engine               - globalSoundVolume: 0.5
11:01:33.765 [FXGL Background Thread 3 ] DEBUG Engine               - globalSoundVolumeProperty: DoubleProperty [value: 0.5]
11:01:33.765 [FXGL Background Thread 3 ] DEBUG Engine               - height: 691
11:01:33.765 [FXGL Background Thread 3 ] DEBUG Engine               - isAndroid: false
11:01:33.766 [FXGL Background Thread 3 ] DEBUG Engine               - isBrowser: false
11:01:33.766 [FXGL Background Thread 3 ] DEBUG Engine               - isClickFeedbackEnabled: false
11:01:33.766 [FXGL Background Thread 3 ] DEBUG Engine               - isCloseConfirmation: false
11:01:33.766 [FXGL Background Thread 3 ] DEBUG Engine               - isDesktop: true
11:01:33.766 [FXGL Background Thread 3 ] DEBUG Engine               - isDeveloperMenuEnabled: false
11:01:33.766 [FXGL Background Thread 3 ] DEBUG Engine               - isEntityPreloadEnabled: true
11:01:33.766 [FXGL Background Thread 3 ] DEBUG Engine               - isExperimental3D: false
11:01:33.766 [FXGL Background Thread 3 ] DEBUG Engine               - isExperimentalNative: false
11:01:33.767 [FXGL Background Thread 3 ] DEBUG Engine               - isExperimentalTiledLargeMap: false
11:01:33.767 [FXGL Background Thread 3 ] DEBUG Engine               - isFileSystemWriteAllowed: true
11:01:33.767 [FXGL Background Thread 3 ] DEBUG Engine               - isFullScreenAllowed: true
11:01:33.767 [FXGL Background Thread 3 ] DEBUG Engine               - isFullScreenFromStart: false
11:01:33.767 [FXGL Background Thread 3 ] DEBUG Engine               - isGameMenuEnabled: true
11:01:33.767 [FXGL Background Thread 3 ] DEBUG Engine               - isIOS: false
11:01:33.767 [FXGL Background Thread 3 ] DEBUG Engine               - isIntroEnabled: false
11:01:33.767 [FXGL Background Thread 3 ] DEBUG Engine               - isLinux: false
11:01:33.768 [FXGL Background Thread 3 ] DEBUG Engine               - isMac: false
11:01:33.768 [FXGL Background Thread 3 ] DEBUG Engine               - isMainMenuEnabled: false
11:01:33.768 [FXGL Background Thread 3 ] DEBUG Engine               - isManualResizeEnabled: false
11:01:33.768 [FXGL Background Thread 3 ] DEBUG Engine               - isMobile: false
11:01:33.768 [FXGL Background Thread 3 ] DEBUG Engine               - isPreserveResizeRatio: false
11:01:33.768 [FXGL Background Thread 3 ] DEBUG Engine               - isProfilingEnabled: false
11:01:33.769 [FXGL Background Thread 3 ] DEBUG Engine               - isScaleAffectedOnResize: true
11:01:33.769 [FXGL Background Thread 3 ] DEBUG Engine               - isSingleStep: false
11:01:33.769 [FXGL Background Thread 3 ] DEBUG Engine               - isUserProfileEnabled: false
11:01:33.769 [FXGL Background Thread 3 ] DEBUG Engine               - isWindows: true
11:01:33.769 [FXGL Background Thread 3 ] DEBUG Engine               - language: ObjectProperty [value: ENGLISH]
11:01:33.769 [FXGL Background Thread 3 ] DEBUG Engine               - menuKey: ESCAPE
11:01:33.769 [FXGL Background Thread 3 ] DEBUG Engine               - notificationViewClass: class com.almasb.fxgl.notification.view.XboxNotificationView
11:01:33.770 [FXGL Background Thread 3 ] DEBUG Engine               - pixelsPerMeter: 50.0
11:01:33.770 [FXGL Background Thread 3 ] DEBUG Engine               - platform: WINDOWS
11:01:33.770 [FXGL Background Thread 3 ] DEBUG Engine               - prefHeightProperty: ReadOnlyDoubleProperty [value: 691.0]
11:01:33.770 [FXGL Background Thread 3 ] DEBUG Engine               - prefWidthProperty: ReadOnlyDoubleProperty [value: 1228.0]
11:01:33.770 [FXGL Background Thread 3 ] DEBUG Engine               - profileDir: profiles/
11:01:33.770 [FXGL Background Thread 3 ] DEBUG Engine               - profileName: StringProperty [value: DEFAULT]
11:01:33.770 [FXGL Background Thread 3 ] DEBUG Engine               - randomSeed: -1
11:01:33.770 [FXGL Background Thread 3 ] DEBUG Engine               - runtimeInfo: RuntimeInfo(platform=WINDOWS, version=11.15, build=13.04.2021 08.23)
11:01:33.771 [FXGL Background Thread 3 ] DEBUG Engine               - saveFileExt: sav
11:01:33.771 [FXGL Background Thread 3 ] DEBUG Engine               - scaledHeightProp$fxgl: DoubleProperty [bound, value: 691.0]
11:01:33.771 [FXGL Background Thread 3 ] DEBUG Engine               - scaledWidthProp$fxgl: DoubleProperty [bound, value: 1228.0]
11:01:33.771 [FXGL Background Thread 3 ] DEBUG Engine               - sceneFactory: com.almasb.fxgl.app.scene.SceneFactory@21ddee75
11:01:33.771 [FXGL Background Thread 3 ] DEBUG Engine               - secondsIn24h: 60
11:01:33.771 [FXGL Background Thread 3 ] DEBUG Engine               - soundMenuBack: menu/back.wav
11:01:33.771 [FXGL Background Thread 3 ] DEBUG Engine               - soundMenuPress: menu/press.wav
11:01:33.771 [FXGL Background Thread 3 ] DEBUG Engine               - soundMenuSelect: menu/select.wav
11:01:33.771 [FXGL Background Thread 3 ] DEBUG Engine               - soundNotification: core/notification.wav
11:01:33.772 [FXGL Background Thread 3 ] DEBUG Engine               - stageStyle: DECORATED
11:01:33.772 [FXGL Background Thread 3 ] DEBUG Engine               - supportedLanguages: [ENGLISH, FRENCH, GERMAN, HUNGARIAN, RUSSIAN]
11:01:33.772 [FXGL Background Thread 3 ] DEBUG Engine               - ticksPerSecond: -1
11:01:33.772 [FXGL Background Thread 3 ] DEBUG Engine               - title: Diep.io 2.0
11:01:33.772 [FXGL Background Thread 3 ] DEBUG Engine               - urlGithub: https://github.com/AlmasB/FXGL
11:01:33.772 [FXGL Background Thread 3 ] DEBUG Engine               - urlLeaderboard: http://fxgl-top.herokuapp.com/
11:01:33.772 [FXGL Background Thread 3 ] DEBUG Engine               - urlPOM: https://raw.githubusercontent.com/AlmasB/FXGL/release/README.md
11:01:33.772 [FXGL Background Thread 3 ] DEBUG Engine               - userAppClass: class ch.bbbaden.io.game.Starter
11:01:33.772 [FXGL Background Thread 3 ] DEBUG Engine               - version: 0.0
11:01:33.772 [FXGL Background Thread 3 ] DEBUG Engine               - versionCheckDays: 7
11:01:33.772 [FXGL Background Thread 3 ] DEBUG Engine               - width: 1228
11:01:33.772 [FXGL Background Thread 3 ] DEBUG Engine               - Logging services
11:01:33.772 [FXGL Background Thread 3 ] DEBUG Engine               - class com.almasb.fxgl.app.services.FXGLAssetLoaderService
11:01:33.772 [FXGL Background Thread 3 ] DEBUG Engine               - class com.almasb.fxgl.app.FXGLApplication$GameApplicationService
11:01:33.772 [FXGL Background Thread 3 ] DEBUG Engine               - class com.almasb.fxgl.app.services.FXGLDialogService
11:01:33.772 [FXGL Background Thread 3 ] DEBUG Engine               - class com.almasb.fxgl.app.services.IOTaskExecutorService
11:01:33.772 [FXGL Background Thread 3 ] DEBUG Engine               - class com.almasb.fxgl.event.EventBusService
11:01:33.772 [FXGL Background Thread 3 ] DEBUG Engine               - class com.almasb.fxgl.io.FileSystemService
11:01:33.772 [FXGL Background Thread 3 ] DEBUG Engine               - class com.almasb.fxgl.localization.LocalizationService
11:01:33.773 [FXGL Background Thread 3 ] DEBUG Engine               - class com.almasb.fxgl.app.services.SystemBundleService
11:01:33.773 [FXGL Background Thread 3 ] DEBUG Engine               - class com.almasb.fxgl.profile.SaveLoadService
11:01:33.773 [FXGL Background Thread 3 ] DEBUG Engine               - class com.almasb.fxgl.ui.FXGLUIFactoryServiceProvider
11:01:33.773 [FXGL Background Thread 3 ] DEBUG Engine               - class com.almasb.fxgl.ui.FXGLDialogFactoryServiceProvider
11:01:33.773 [FXGL Background Thread 3 ] DEBUG Engine               - class com.almasb.fxgl.audio.AudioPlayer
11:01:33.773 [FXGL Background Thread 3 ] DEBUG Engine               - class com.almasb.fxgl.notification.impl.NotificationServiceProvider
11:01:33.773 [FXGL Background Thread 3 ] DEBUG Engine               - class com.almasb.fxgl.achievement.AchievementService
11:01:33.773 [FXGL Background Thread 3 ] DEBUG Engine               - class com.almasb.fxgl.cutscene.CutsceneService
11:01:33.773 [FXGL Background Thread 3 ] DEBUG Engine               - class com.almasb.fxgl.minigames.MiniGameService
11:01:33.773 [FXGL Background Thread 3 ] DEBUG Engine               - class com.almasb.fxgl.net.NetService
11:01:33.774 [FXGL Background Thread 3 ] DEBUG Engine               - class com.almasb.fxgl.app.services.UpdaterService
11:01:33.774 [FXGL Background Thread 3 ] DEBUG Engine               - class com.almasb.fxgl.dev.DevService
11:02:44.288 [JavaFX Application Thread] DEBUG FXGLApplication      - Exiting FXGL
11:02:44.288 [JavaFX Application Thread] DEBUG LoopRunner           - Stopping loop
11:02:44.288 [JavaFX Application Thread] DEBUG SystemBundleService  - Saving FXGL system data
11:02:44.290 [JavaFX Application Thread] DEBUG FileSystemAccess     - Writing to: C:\Users\kappe\Desktop\io-game\system\fxgl.bundle
11:02:44.291 [JavaFX Application Thread] DEBUG Async                - Shutting down background threads
11:02:44.291 [JavaFX Application Thread] DEBUG PrimaryStageWindow   - Closing main window
11:02:44.313 [JavaFX Application Thread] DEBUG Logger               - Closing Logger
