11:13:04.661 [main                     ] DEBUG Logger               - Configured Logger
11:13:04.673 [main                     ] DEBUG GameApplication      - Logging settings
Title: Diep.io 2.0
Version: 0.0
Width: 1228
Height: 691
Fullscreen: true
Intro: false
Profiling: false
Single step:false
App Mode: DEVELOPER
Menu Key: ESCAPE
Stage Style: DECORATED
Scene Factory: class com.almasb.fxgl.app.scene.SceneFactory

11:13:05.017 [JavaFX Application Thread] DEBUG FXGLApplication      - Initializing FXGL
11:13:05.021 [JavaFX Application Thread] INFO  Engine               - FXGL-11.15 (13.04.2021 08.23) on WINDOWS (J:14.0.2 FX:15)
11:13:05.021 [JavaFX Application Thread] DEBUG Engine               - JRE Vendor Name: Oracle Corporation
11:13:05.022 [JavaFX Application Thread] DEBUG Engine               - Running on OS: Windows 10 version 10.0
11:13:05.022 [JavaFX Application Thread] DEBUG Engine               - Architecture: amd64
11:13:05.022 [JavaFX Application Thread] INFO  Engine               - Source code and latest versions at: https://github.com/AlmasB/FXGL
11:13:05.022 [JavaFX Application Thread] INFO  Engine               -              Join the FXGL chat at: https://gitter.im/AlmasB/FXGL
11:13:05.174 [JavaFX Application Thread] DEBUG PrimaryStageWindow   - Creating a JavaFX scene
11:13:05.228 [JavaFX Application Thread] DEBUG PrimaryStageWindow   - Target settings size: 1228.0 x 691.0
11:13:05.228 [JavaFX Application Thread] DEBUG PrimaryStageWindow   - Scaled scene size:    1228.0 x 691.0
11:13:05.229 [JavaFX Application Thread] DEBUG PrimaryStageWindow   - Scaled ratio: (1.0, 1.0)
11:13:05.230 [JavaFX Application Thread] DEBUG PrimaryStageWindow   - Set initial scene to FXGLStartupScene
11:13:05.242 [JavaFX Application Thread] DEBUG PrimaryStageWindow   - Opening main window
11:13:05.356 [JavaFX Application Thread] DEBUG PrimaryStageWindow   - Window border size: (14.4000244140625, 37.79998779296875)
11:13:05.356 [JavaFX Application Thread] DEBUG PrimaryStageWindow   - Scaled size: 1228.0 x 691.0
11:13:05.357 [JavaFX Application Thread] DEBUG PrimaryStageWindow   - Scaled ratio: (1.0, 1.0)
11:13:05.357 [JavaFX Application Thread] DEBUG PrimaryStageWindow   - Scene size: 1228.0 x 691.0
11:13:05.357 [JavaFX Application Thread] DEBUG PrimaryStageWindow   - Stage size: 1242.4000244140625 x 728.7999877929688
11:13:05.366 [FXGL Background Thread 1 ] DEBUG Engine               - Initializing environment variables
11:13:05.420 [FXGL Background Thread 1 ] DEBUG FXGLAssetLoaderServi - User app class for loading assets: class ch.bbbaden.io.game.Starter
11:13:05.420 [FXGL Background Thread 1 ] DEBUG GameApplicationServi - Applying CSS: fxgl_dark.css
11:13:05.422 [FXGL Background Thread 1 ] DEBUG FXGLAssetLoaderServi - Loading from file system: jar:file:/C:/Users/kappe/.m2/repository/com/github/almasb/fxgl/11.15/fxgl-11.15.jar!/fxglassets/ui/css/fxgl_dark.css
11:13:05.482 [FXGL Background Thread 1 ] DEBUG GameApplicationServi - Initializing application scenes
11:13:05.531 [FXGL Background Thread 1 ] DEBUG GameWorld            - Game world initialized
11:13:05.601 [FXGL Background Thread 1 ] DEBUG PhysicsWorld         - Physics world initialized: appHeight=691, physics.ppm=50.0
11:13:05.602 [FXGL Background Thread 1 ] DEBUG PhysicsWorld         - Using strategy: BRUTE_FORCE
11:13:05.606 [FXGL Background Thread 1 ] DEBUG GameScene            - Game scene initialized: 1228x691
11:13:05.619 [FXGL Background Thread 1 ] DEBUG FXGL.DefaultMenu     - createMenuBodyGameMenu()
11:13:05.637 [FXGL Background Thread 1 ] DEBUG FXGL.DefaultMenu     - createOptionsMenu()
11:13:05.647 [FXGL Background Thread 1 ] DEBUG FXGLAssetLoaderServi - Loading from file system: jar:file:/C:/Users/kappe/.m2/repository/com/github/almasb/fxgl/11.15/fxgl-11.15.jar!/fxglassets/textures/particles/smoke.png
11:13:05.748 [FXGL Background Thread 1 ] DEBUG FXGLAssetLoaderServi - Loading from file system: jar:file:/C:/Users/kappe/.m2/repository/com/github/almasb/fxgl/11.15/fxgl-11.15.jar!/fxglassets/textures/particles/trace_horizontal.png
11:13:05.800 [FXGL Background Thread 1 ] DEBUG GameApplicationServi - Application scenes initialized
11:13:05.810 [FXGL Background Thread 1 ] DEBUG SystemBundleService  - Loading FXGL system data
11:13:05.814 [FXGL Background Thread 1 ] DEBUG FileSystemAccess     - Reading from: C:\Users\kappe\Desktop\io-game\system\fxgl.bundle
11:13:05.819 [FXGL Background Thread 1 ] DEBUG SystemBundleService  - Bundle FXGL: {}
11:13:05.819 [FXGL Background Thread 1 ] DEBUG UpdaterService       - Checking for updates
11:13:05.823 [FXGL Background Thread 4 ] DEBUG FXGLApplication      - Loading fonts
11:13:05.824 [FXGL Background Thread 4 ] DEBUG FXGLAssetLoaderServi - Loading from file system: jar:file:/C:/Users/kappe/.m2/repository/com/github/almasb/fxgl/11.15/fxgl-11.15.jar!/fxglassets/ui/fonts/VarelaRound-Regular.ttf
11:13:05.824 [FXGL Background Thread 1 ] DEBUG FXGLApplication      - Loading default localization
11:13:05.825 [FXGL Background Thread 1 ] DEBUG FXGLAssetLoaderServi - Loading from file system: jar:file:/C:/Users/kappe/.m2/repository/com/github/almasb/fxgl/11.15/fxgl-11.15.jar!/fxglassets/languages/english.lang
11:13:05.840 [FXGL Background Thread 1 ] INFO  FXGLApplication      - FXGL initialization took: 0.474 sec
11:13:05.850 [JavaFX Application Thread] DEBUG Input                - Registered new binding: action0 - W
11:13:05.851 [JavaFX Application Thread] DEBUG Input                - Registered new binding: action1 - S
11:13:05.852 [JavaFX Application Thread] DEBUG Input                - Registered new binding: action2 - A
11:13:05.852 [JavaFX Application Thread] DEBUG Input                - Registered new binding: action3 - D
11:13:05.853 [JavaFX Application Thread] DEBUG Input                - Registered new binding: action4 - O
11:13:05.854 [JavaFX Application Thread] DEBUG Input                - Registered new binding: action5 - LMB
11:13:05.855 [JavaFX Application Thread] DEBUG FXGLAssetLoaderServi - Loading from file system: jar:file:/C:/Users/kappe/.m2/repository/com/github/almasb/fxgl/11.15/fxgl-11.15.jar!/fxglassets/textures/fxgl_icon.png
11:13:05.873 [JavaFX Application Thread] DEBUG FXGLAssetLoaderServi - Loading from file system: jar:file:/C:/Users/kappe/.m2/repository/com/github/almasb/fxgl/11.15/fxgl-11.15.jar!/fxglassets/ui/cursors/fxgl_default.png
11:13:05.876 [JavaFX Application Thread] DEBUG Input                - Registered new binding: Screenshot - CTRL+8
11:13:05.876 [JavaFX Application Thread] DEBUG Input                - Registered new binding: System info dump - CTRL+9
11:13:05.877 [JavaFX Application Thread] DEBUG Input                - Registered new binding: Restart - CTRL+R
11:13:05.877 [JavaFX Application Thread] DEBUG Input                - Registered new binding: Toggle Debug Camera - CTRL+C
11:13:05.880 [JavaFX Application Thread] DEBUG LoopRunner           - Starting loop
11:13:05.880 [JavaFX Application Thread] DEBUG LoopRunner           - Initializing JavaFX AnimationTimerLoop
11:13:05.882 [JavaFX Application Thread] DEBUG GameApplicationServi - Starting new game
11:13:05.883 [JavaFX Application Thread] DEBUG Input                - Clearing active input actions
11:13:05.887 [FXGL Background Thread 4 ] DEBUG FXGLAssetLoaderServi - Loading from file system: jar:file:/C:/Users/kappe/.m2/repository/com/github/almasb/fxgl/11.15/fxgl-11.15.jar!/fxglassets/ui/fonts/Abel-Regular.ttf
11:13:05.891 [FXGL Background Thread 4 ] DEBUG FXGLAssetLoaderServi - Loading from file system: jar:file:/C:/Users/kappe/.m2/repository/com/github/almasb/fxgl/11.15/fxgl-11.15.jar!/fxglassets/ui/fonts/lucida_console.ttf
11:13:05.897 [FXGL Background Thread 4 ] DEBUG FXGLAssetLoaderServi - Loading from file system: jar:file:/C:/Users/kappe/.m2/repository/com/github/almasb/fxgl/11.15/fxgl-11.15.jar!/fxglassets/ui/fonts/Courier-Prime.ttf
11:13:05.899 [JavaFX Application Thread] DEBUG GameApplicationServi - Removing overlay from FXGLStartupScene and adding to FXGLLoadingScene
11:13:05.899 [JavaFX Application Thread] DEBUG PrimaryStageWindow   - FXGLStartupScene -> FXGLLoadingScene
11:13:05.899 [JavaFX Application Thread] DEBUG GameApplicationServi - Clearing previous game
11:13:05.899 [JavaFX Application Thread] DEBUG GameScene            - Clearing game scene
11:13:05.900 [JavaFX Application Thread] DEBUG GameWorld            - Clearing game world
11:13:05.900 [JavaFX Application Thread] DEBUG PhysicsWorld         - Clearing physics world
11:13:05.902 [FXGL Background Thread 1 ] DEBUG FXGLApplication      - Initializing game
11:13:05.930 [FXGL Background Thread 1 ] INFO  FXGLApplication      - Game initialization took: 0.028 sec
11:13:05.946 [JavaFX Application Thread] DEBUG FXGLApplication      - Registering font factories with UI factory
11:13:05.954 [JavaFX Application Thread] DEBUG Input                - Clearing active input actions
11:13:05.967 [JavaFX Application Thread] DEBUG GameApplicationServi - Removing overlay from FXGLLoadingScene and adding to GameScene
11:13:05.967 [JavaFX Application Thread] DEBUG PrimaryStageWindow   - FXGLLoadingScene -> GameScene
11:13:07.205 [JavaFX Application Thread] DEBUG FXGLApplication      - Exiting FXGL
11:13:07.205 [JavaFX Application Thread] DEBUG LoopRunner           - Stopping loop
11:13:07.205 [JavaFX Application Thread] DEBUG SystemBundleService  - Saving FXGL system data
11:13:07.206 [JavaFX Application Thread] DEBUG FileSystemAccess     - Writing to: C:\Users\kappe\Desktop\io-game\system\fxgl.bundle
11:13:07.208 [JavaFX Application Thread] DEBUG Async                - Shutting down background threads
11:13:07.208 [JavaFX Application Thread] DEBUG PrimaryStageWindow   - Closing main window
11:13:07.232 [JavaFX Application Thread] DEBUG Logger               - Closing Logger
