11:16:10.459 [main                     ] DEBUG Logger               - Configured Logger
11:16:10.469 [main                     ] DEBUG GameApplication      - Logging settings
Title: Diep.io 2.0
Version: 0.0
Width: 1228
Height: 691
Fullscreen: true
Intro: false
Profiling: false
Single step:false
App Mode: DEVELOPER
Menu Key: ESCAPE
Stage Style: DECORATED
Scene Factory: class com.almasb.fxgl.app.scene.SceneFactory

11:16:10.753 [JavaFX Application Thread] DEBUG FXGLApplication      - Initializing FXGL
11:16:10.756 [JavaFX Application Thread] INFO  Engine               - FXGL-11.15 (13.04.2021 08.23) on WINDOWS (J:14.0.2 FX:15)
11:16:10.757 [JavaFX Application Thread] DEBUG Engine               - JRE Vendor Name: Oracle Corporation
11:16:10.757 [JavaFX Application Thread] DEBUG Engine               - Running on OS: Windows 10 version 10.0
11:16:10.757 [JavaFX Application Thread] DEBUG Engine               - Architecture: amd64
11:16:10.757 [JavaFX Application Thread] INFO  Engine               - Source code and latest versions at: https://github.com/AlmasB/FXGL
11:16:10.758 [JavaFX Application Thread] INFO  Engine               -              Join the FXGL chat at: https://gitter.im/AlmasB/FXGL
11:16:10.864 [JavaFX Application Thread] DEBUG PrimaryStageWindow   - Creating a JavaFX scene
11:16:10.910 [JavaFX Application Thread] DEBUG PrimaryStageWindow   - Target settings size: 1228.0 x 691.0
11:16:10.911 [JavaFX Application Thread] DEBUG PrimaryStageWindow   - Scaled scene size:    1228.0 x 691.0
11:16:10.911 [JavaFX Application Thread] DEBUG PrimaryStageWindow   - Scaled ratio: (1.0, 1.0)
11:16:10.912 [JavaFX Application Thread] DEBUG PrimaryStageWindow   - Set initial scene to FXGLStartupScene
11:16:10.919 [JavaFX Application Thread] DEBUG PrimaryStageWindow   - Opening main window
11:16:11.008 [JavaFX Application Thread] DEBUG PrimaryStageWindow   - Window border size: (14.4000244140625, 37.79998779296875)
11:16:11.008 [JavaFX Application Thread] DEBUG PrimaryStageWindow   - Scaled size: 1228.0 x 691.0
11:16:11.009 [JavaFX Application Thread] DEBUG PrimaryStageWindow   - Scaled ratio: (1.0, 1.0)
11:16:11.009 [JavaFX Application Thread] DEBUG PrimaryStageWindow   - Scene size: 1228.0 x 691.0
11:16:11.009 [JavaFX Application Thread] DEBUG PrimaryStageWindow   - Stage size: 1242.4000244140625 x 728.7999877929688
11:16:11.017 [FXGL Background Thread 1 ] DEBUG Engine               - Initializing environment variables
11:16:11.057 [FXGL Background Thread 1 ] DEBUG FXGLAssetLoaderServi - User app class for loading assets: class ch.bbbaden.io.game.Starter
11:16:11.058 [FXGL Background Thread 1 ] DEBUG GameApplicationServi - Applying CSS: fxgl_dark.css
11:16:11.059 [FXGL Background Thread 1 ] DEBUG FXGLAssetLoaderServi - Loading from file system: jar:file:/C:/Users/kappe/.m2/repository/com/github/almasb/fxgl/11.15/fxgl-11.15.jar!/fxglassets/ui/css/fxgl_dark.css
11:16:11.104 [FXGL Background Thread 1 ] DEBUG GameApplicationServi - Initializing application scenes
11:16:11.146 [FXGL Background Thread 1 ] DEBUG GameWorld            - Game world initialized
11:16:11.211 [FXGL Background Thread 1 ] DEBUG PhysicsWorld         - Physics world initialized: appHeight=691, physics.ppm=50.0
11:16:11.211 [FXGL Background Thread 1 ] DEBUG PhysicsWorld         - Using strategy: BRUTE_FORCE
11:16:11.213 [FXGL Background Thread 1 ] DEBUG GameScene            - Game scene initialized: 1228x691
11:16:11.226 [FXGL Background Thread 1 ] DEBUG FXGL.DefaultMenu     - createMenuBodyGameMenu()
11:16:11.244 [FXGL Background Thread 1 ] DEBUG FXGL.DefaultMenu     - createOptionsMenu()
11:16:11.255 [FXGL Background Thread 1 ] DEBUG FXGLAssetLoaderServi - Loading from file system: jar:file:/C:/Users/kappe/.m2/repository/com/github/almasb/fxgl/11.15/fxgl-11.15.jar!/fxglassets/textures/particles/smoke.png
11:16:11.339 [FXGL Background Thread 1 ] DEBUG FXGLAssetLoaderServi - Loading from file system: jar:file:/C:/Users/kappe/.m2/repository/com/github/almasb/fxgl/11.15/fxgl-11.15.jar!/fxglassets/textures/particles/trace_horizontal.png
11:16:11.364 [FXGL Background Thread 1 ] DEBUG GameApplicationServi - Application scenes initialized
11:16:11.372 [FXGL Background Thread 1 ] DEBUG SystemBundleService  - Loading FXGL system data
11:16:11.376 [FXGL Background Thread 1 ] DEBUG FileSystemAccess     - Reading from: C:\Users\kappe\Desktop\io-game\system\fxgl.bundle
11:16:11.380 [FXGL Background Thread 1 ] DEBUG SystemBundleService  - Bundle FXGL: {}
11:16:11.380 [FXGL Background Thread 1 ] DEBUG UpdaterService       - Checking for updates
11:16:11.383 [FXGL Background Thread 4 ] DEBUG FXGLApplication      - Loading fonts
11:16:11.384 [FXGL Background Thread 1 ] DEBUG FXGLApplication      - Loading default localization
11:16:11.384 [FXGL Background Thread 4 ] DEBUG FXGLAssetLoaderServi - Loading from file system: jar:file:/C:/Users/kappe/.m2/repository/com/github/almasb/fxgl/11.15/fxgl-11.15.jar!/fxglassets/ui/fonts/VarelaRound-Regular.ttf
11:16:11.384 [FXGL Background Thread 1 ] DEBUG FXGLAssetLoaderServi - Loading from file system: jar:file:/C:/Users/kappe/.m2/repository/com/github/almasb/fxgl/11.15/fxgl-11.15.jar!/fxglassets/languages/english.lang
11:16:11.401 [FXGL Background Thread 1 ] INFO  FXGLApplication      - FXGL initialization took: 0.384 sec
11:16:11.411 [JavaFX Application Thread] DEBUG Input                - Registered new binding: action0 - W
11:16:11.412 [JavaFX Application Thread] DEBUG Input                - Registered new binding: action1 - S
11:16:11.412 [JavaFX Application Thread] DEBUG Input                - Registered new binding: action2 - A
11:16:11.412 [JavaFX Application Thread] DEBUG Input                - Registered new binding: action3 - D
11:16:11.413 [JavaFX Application Thread] DEBUG Input                - Registered new binding: action4 - O
11:16:11.414 [JavaFX Application Thread] DEBUG Input                - Registered new binding: action5 - LMB
11:16:11.415 [JavaFX Application Thread] DEBUG FXGLAssetLoaderServi - Loading from file system: jar:file:/C:/Users/kappe/.m2/repository/com/github/almasb/fxgl/11.15/fxgl-11.15.jar!/fxglassets/textures/fxgl_icon.png
11:16:11.439 [FXGL Background Thread 4 ] DEBUG FXGLAssetLoaderServi - Loading from file system: jar:file:/C:/Users/kappe/.m2/repository/com/github/almasb/fxgl/11.15/fxgl-11.15.jar!/fxglassets/ui/fonts/Abel-Regular.ttf
11:16:11.440 [JavaFX Application Thread] DEBUG FXGLAssetLoaderServi - Loading from file system: jar:file:/C:/Users/kappe/.m2/repository/com/github/almasb/fxgl/11.15/fxgl-11.15.jar!/fxglassets/ui/cursors/fxgl_default.png
11:16:11.443 [FXGL Background Thread 4 ] DEBUG FXGLAssetLoaderServi - Loading from file system: jar:file:/C:/Users/kappe/.m2/repository/com/github/almasb/fxgl/11.15/fxgl-11.15.jar!/fxglassets/ui/fonts/lucida_console.ttf
11:16:11.443 [JavaFX Application Thread] DEBUG Input                - Registered new binding: Screenshot - CTRL+8
11:16:11.443 [JavaFX Application Thread] DEBUG Input                - Registered new binding: System info dump - CTRL+9
11:16:11.444 [JavaFX Application Thread] DEBUG Input                - Registered new binding: Restart - CTRL+R
11:16:11.445 [JavaFX Application Thread] DEBUG Input                - Registered new binding: Toggle Debug Camera - CTRL+C
11:16:11.449 [JavaFX Application Thread] DEBUG LoopRunner           - Starting loop
11:16:11.449 [FXGL Background Thread 4 ] DEBUG FXGLAssetLoaderServi - Loading from file system: jar:file:/C:/Users/kappe/.m2/repository/com/github/almasb/fxgl/11.15/fxgl-11.15.jar!/fxglassets/ui/fonts/Courier-Prime.ttf
11:16:11.449 [JavaFX Application Thread] DEBUG LoopRunner           - Initializing JavaFX AnimationTimerLoop
11:16:11.452 [JavaFX Application Thread] DEBUG GameApplicationServi - Starting new game
11:16:11.452 [JavaFX Application Thread] DEBUG Input                - Clearing active input actions
11:16:11.462 [JavaFX Application Thread] DEBUG GameApplicationServi - Removing overlay from FXGLStartupScene and adding to FXGLLoadingScene
11:16:11.462 [JavaFX Application Thread] DEBUG PrimaryStageWindow   - FXGLStartupScene -> FXGLLoadingScene
11:16:11.462 [JavaFX Application Thread] DEBUG GameApplicationServi - Clearing previous game
11:16:11.463 [JavaFX Application Thread] DEBUG GameScene            - Clearing game scene
11:16:11.463 [JavaFX Application Thread] DEBUG GameWorld            - Clearing game world
11:16:11.463 [JavaFX Application Thread] DEBUG PhysicsWorld         - Clearing physics world
11:16:11.464 [JavaFX Application Thread] DEBUG FXGLApplication      - Registering font factories with UI factory
11:16:11.464 [FXGL Background Thread 4 ] DEBUG FXGLApplication      - Initializing game
11:16:11.496 [FXGL Background Thread 4 ] INFO  FXGLApplication      - Game initialization took: 0.032 sec
11:16:11.521 [JavaFX Application Thread] DEBUG Input                - Clearing active input actions
11:16:11.537 [JavaFX Application Thread] DEBUG GameApplicationServi - Removing overlay from FXGLLoadingScene and adding to GameScene
11:16:11.538 [JavaFX Application Thread] DEBUG PrimaryStageWindow   - FXGLLoadingScene -> GameScene
11:16:14.384 [FXGL Background Thread 3 ] DEBUG Engine               - Logging environment variables
11:16:14.384 [FXGL Background Thread 3 ] DEBUG Engine               - achievements: []
11:16:14.384 [FXGL Background Thread 3 ] DEBUG Engine               - actualHeight: 691.0
11:16:14.384 [FXGL Background Thread 3 ] DEBUG Engine               - actualHeightProperty: ReadOnlyDoubleProperty [value: 691.0]
11:16:14.384 [FXGL Background Thread 3 ] DEBUG Engine               - actualWidth: 1228.0
11:16:14.384 [FXGL Background Thread 3 ] DEBUG Engine               - actualWidthProperty: ReadOnlyDoubleProperty [value: 1228.0]
11:16:14.384 [FXGL Background Thread 3 ] DEBUG Engine               - appIcon: fxgl_icon.png
11:16:14.384 [FXGL Background Thread 3 ] DEBUG Engine               - applicationMode: DEVELOPER
11:16:14.384 [FXGL Background Thread 3 ] DEBUG Engine               - cSSList: [fxgl_dark.css]
11:16:14.384 [FXGL Background Thread 3 ] DEBUG Engine               - collisionDetectionStrategy: BRUTE_FORCE
11:16:14.384 [FXGL Background Thread 3 ] DEBUG Engine               - configClass: Optional.empty
11:16:14.384 [FXGL Background Thread 3 ] DEBUG Engine               - credits: []
11:16:14.385 [FXGL Background Thread 3 ] DEBUG Engine               - devBBoxColorProperty: ObjectProperty [value: 0xff0000ff]
11:16:14.385 [FXGL Background Thread 3 ] DEBUG Engine               - devEnableDebugCameraProperty: BooleanProperty [value: false]
11:16:14.385 [FXGL Background Thread 3 ] DEBUG Engine               - devSensorColorProperty: ObjectProperty [value: 0xffff00ff]
11:16:14.385 [FXGL Background Thread 3 ] DEBUG Engine               - devShowBBoxProperty: BooleanProperty [value: false]
11:16:14.385 [FXGL Background Thread 3 ] DEBUG Engine               - devShowPositionProperty: BooleanProperty [value: false]
11:16:14.385 [FXGL Background Thread 3 ] DEBUG Engine               - enabledMenuItems: []
11:16:14.385 [FXGL Background Thread 3 ] DEBUG Engine               - engineServices: [class com.almasb.fxgl.app.services.FXGLAssetLoaderService, class com.almasb.fxgl.app.FXGLApplication$GameApplicationService, class com.almasb.fxgl.app.services.FXGLDialogService, class com.almasb.fxgl.app.services.IOTaskExecutorService, class com.almasb.fxgl.event.EventBusService, class com.almasb.fxgl.io.FileSystemService, class com.almasb.fxgl.localization.LocalizationService, class com.almasb.fxgl.app.services.SystemBundleService, class com.almasb.fxgl.profile.SaveLoadService, class com.almasb.fxgl.ui.FXGLUIFactoryServiceProvider, class com.almasb.fxgl.ui.FXGLDialogFactoryServiceProvider, class com.almasb.fxgl.audio.AudioPlayer, class com.almasb.fxgl.notification.impl.NotificationServiceProvider, class com.almasb.fxgl.achievement.AchievementService, class com.almasb.fxgl.cutscene.CutsceneService, class com.almasb.fxgl.minigames.MiniGameService, class com.almasb.fxgl.net.NetService, class com.almasb.fxgl.app.services.UpdaterService, class com.almasb.fxgl.dev.DevService]
11:16:14.385 [FXGL Background Thread 3 ] DEBUG Engine               - fontGame: Abel-Regular.ttf
11:16:14.385 [FXGL Background Thread 3 ] DEBUG Engine               - fontMono: lucida_console.ttf
11:16:14.385 [FXGL Background Thread 3 ] DEBUG Engine               - fontText: Courier-Prime.ttf
11:16:14.386 [FXGL Background Thread 3 ] DEBUG Engine               - fontUI: VarelaRound-Regular.ttf
11:16:14.386 [FXGL Background Thread 3 ] DEBUG Engine               - fullScreen: BooleanProperty [value: false]
11:16:14.386 [FXGL Background Thread 3 ] DEBUG Engine               - gameDifficulty: MEDIUM
11:16:14.386 [FXGL Background Thread 3 ] DEBUG Engine               - gameDifficultyProperty: ObjectProperty [value: MEDIUM]
11:16:14.386 [FXGL Background Thread 3 ] DEBUG Engine               - globalMusicVolume: 0.5
11:16:14.386 [FXGL Background Thread 3 ] DEBUG Engine               - globalMusicVolumeProperty: DoubleProperty [value: 0.5]
11:16:14.386 [FXGL Background Thread 3 ] DEBUG Engine               - globalSoundVolume: 0.5
11:16:14.386 [FXGL Background Thread 3 ] DEBUG Engine               - globalSoundVolumeProperty: DoubleProperty [value: 0.5]
11:16:14.386 [FXGL Background Thread 3 ] DEBUG Engine               - height: 691
11:16:14.386 [FXGL Background Thread 3 ] DEBUG Engine               - isAndroid: false
11:16:14.387 [FXGL Background Thread 3 ] DEBUG Engine               - isBrowser: false
11:16:14.387 [FXGL Background Thread 3 ] DEBUG Engine               - isClickFeedbackEnabled: false
11:16:14.387 [FXGL Background Thread 3 ] DEBUG Engine               - isCloseConfirmation: false
11:16:14.387 [FXGL Background Thread 3 ] DEBUG Engine               - isDesktop: true
11:16:14.387 [FXGL Background Thread 3 ] DEBUG Engine               - isDeveloperMenuEnabled: false
11:16:14.387 [FXGL Background Thread 3 ] DEBUG Engine               - isEntityPreloadEnabled: true
11:16:14.387 [FXGL Background Thread 3 ] DEBUG Engine               - isExperimental3D: false
11:16:14.387 [FXGL Background Thread 3 ] DEBUG Engine               - isExperimentalNative: false
11:16:14.387 [FXGL Background Thread 3 ] DEBUG Engine               - isExperimentalTiledLargeMap: false
11:16:14.387 [FXGL Background Thread 3 ] DEBUG Engine               - isFileSystemWriteAllowed: true
11:16:14.388 [FXGL Background Thread 3 ] DEBUG Engine               - isFullScreenAllowed: true
11:16:14.388 [FXGL Background Thread 3 ] DEBUG Engine               - isFullScreenFromStart: false
11:16:14.388 [FXGL Background Thread 3 ] DEBUG Engine               - isGameMenuEnabled: true
11:16:14.388 [FXGL Background Thread 3 ] DEBUG Engine               - isIOS: false
11:16:14.388 [FXGL Background Thread 3 ] DEBUG Engine               - isIntroEnabled: false
11:16:14.388 [FXGL Background Thread 3 ] DEBUG Engine               - isLinux: false
11:16:14.388 [FXGL Background Thread 3 ] DEBUG Engine               - isMac: false
11:16:14.389 [FXGL Background Thread 3 ] DEBUG Engine               - isMainMenuEnabled: false
11:16:14.389 [FXGL Background Thread 3 ] DEBUG Engine               - isManualResizeEnabled: false
11:16:14.389 [FXGL Background Thread 3 ] DEBUG Engine               - isMobile: false
11:16:14.389 [FXGL Background Thread 3 ] DEBUG Engine               - isPreserveResizeRatio: false
11:16:14.389 [FXGL Background Thread 3 ] DEBUG Engine               - isProfilingEnabled: false
11:16:14.389 [FXGL Background Thread 3 ] DEBUG Engine               - isScaleAffectedOnResize: true
11:16:14.389 [FXGL Background Thread 3 ] DEBUG Engine               - isSingleStep: false
11:16:14.389 [FXGL Background Thread 3 ] DEBUG Engine               - isUserProfileEnabled: false
11:16:14.389 [FXGL Background Thread 3 ] DEBUG Engine               - isWindows: true
11:16:14.389 [FXGL Background Thread 3 ] DEBUG Engine               - language: ObjectProperty [value: ENGLISH]
11:16:14.390 [FXGL Background Thread 3 ] DEBUG Engine               - menuKey: ESCAPE
11:16:14.390 [FXGL Background Thread 3 ] DEBUG Engine               - notificationViewClass: class com.almasb.fxgl.notification.view.XboxNotificationView
11:16:14.390 [FXGL Background Thread 3 ] DEBUG Engine               - pixelsPerMeter: 50.0
11:16:14.390 [FXGL Background Thread 3 ] DEBUG Engine               - platform: WINDOWS
11:16:14.390 [FXGL Background Thread 3 ] DEBUG Engine               - prefHeightProperty: ReadOnlyDoubleProperty [value: 691.0]
11:16:14.390 [FXGL Background Thread 3 ] DEBUG Engine               - prefWidthProperty: ReadOnlyDoubleProperty [value: 1228.0]
11:16:14.390 [FXGL Background Thread 3 ] DEBUG Engine               - profileDir: profiles/
11:16:14.390 [FXGL Background Thread 3 ] DEBUG Engine               - profileName: StringProperty [value: DEFAULT]
11:16:14.390 [FXGL Background Thread 3 ] DEBUG Engine               - randomSeed: -1
11:16:14.390 [FXGL Background Thread 3 ] DEBUG Engine               - runtimeInfo: RuntimeInfo(platform=WINDOWS, version=11.15, build=13.04.2021 08.23)
11:16:14.390 [FXGL Background Thread 3 ] DEBUG Engine               - saveFileExt: sav
11:16:14.390 [FXGL Background Thread 3 ] DEBUG Engine               - scaledHeightProp$fxgl: DoubleProperty [bound, value: 691.0]
11:16:14.391 [FXGL Background Thread 3 ] DEBUG Engine               - scaledWidthProp$fxgl: DoubleProperty [bound, value: 1228.0]
11:16:14.391 [FXGL Background Thread 3 ] DEBUG Engine               - sceneFactory: com.almasb.fxgl.app.scene.SceneFactory@27493a78
11:16:14.391 [FXGL Background Thread 3 ] DEBUG Engine               - secondsIn24h: 60
11:16:14.391 [FXGL Background Thread 3 ] DEBUG Engine               - soundMenuBack: menu/back.wav
11:16:14.391 [FXGL Background Thread 3 ] DEBUG Engine               - soundMenuPress: menu/press.wav
11:16:14.391 [FXGL Background Thread 3 ] DEBUG Engine               - soundMenuSelect: menu/select.wav
11:16:14.391 [FXGL Background Thread 3 ] DEBUG Engine               - soundNotification: core/notification.wav
11:16:14.391 [FXGL Background Thread 3 ] DEBUG Engine               - stageStyle: DECORATED
11:16:14.391 [FXGL Background Thread 3 ] DEBUG Engine               - supportedLanguages: [ENGLISH, FRENCH, GERMAN, HUNGARIAN, RUSSIAN]
11:16:14.391 [FXGL Background Thread 3 ] DEBUG Engine               - ticksPerSecond: -1
11:16:14.391 [FXGL Background Thread 3 ] DEBUG Engine               - title: Diep.io 2.0
11:16:14.391 [FXGL Background Thread 3 ] DEBUG Engine               - urlGithub: https://github.com/AlmasB/FXGL
11:16:14.391 [FXGL Background Thread 3 ] DEBUG Engine               - urlLeaderboard: http://fxgl-top.herokuapp.com/
11:16:14.392 [FXGL Background Thread 3 ] DEBUG Engine               - urlPOM: https://raw.githubusercontent.com/AlmasB/FXGL/release/README.md
11:16:14.392 [FXGL Background Thread 3 ] DEBUG Engine               - userAppClass: class ch.bbbaden.io.game.Starter
11:16:14.392 [FXGL Background Thread 3 ] DEBUG Engine               - version: 0.0
11:16:14.392 [FXGL Background Thread 3 ] DEBUG Engine               - versionCheckDays: 7
11:16:14.392 [FXGL Background Thread 3 ] DEBUG Engine               - width: 1228
11:16:14.392 [FXGL Background Thread 3 ] DEBUG Engine               - Logging services
11:16:14.392 [FXGL Background Thread 3 ] DEBUG Engine               - class com.almasb.fxgl.app.services.FXGLAssetLoaderService
11:16:14.392 [FXGL Background Thread 3 ] DEBUG Engine               - class com.almasb.fxgl.app.FXGLApplication$GameApplicationService
11:16:14.392 [FXGL Background Thread 3 ] DEBUG Engine               - class com.almasb.fxgl.app.services.FXGLDialogService
11:16:14.392 [FXGL Background Thread 3 ] DEBUG Engine               - class com.almasb.fxgl.app.services.IOTaskExecutorService
11:16:14.392 [FXGL Background Thread 3 ] DEBUG Engine               - class com.almasb.fxgl.event.EventBusService
11:16:14.392 [FXGL Background Thread 3 ] DEBUG Engine               - class com.almasb.fxgl.io.FileSystemService
11:16:14.392 [FXGL Background Thread 3 ] DEBUG Engine               - class com.almasb.fxgl.localization.LocalizationService
11:16:14.393 [FXGL Background Thread 3 ] DEBUG Engine               - class com.almasb.fxgl.app.services.SystemBundleService
11:16:14.393 [FXGL Background Thread 3 ] DEBUG Engine               - class com.almasb.fxgl.profile.SaveLoadService
11:16:14.393 [FXGL Background Thread 3 ] DEBUG Engine               - class com.almasb.fxgl.ui.FXGLUIFactoryServiceProvider
11:16:14.393 [FXGL Background Thread 3 ] DEBUG Engine               - class com.almasb.fxgl.ui.FXGLDialogFactoryServiceProvider
11:16:14.393 [FXGL Background Thread 3 ] DEBUG Engine               - class com.almasb.fxgl.audio.AudioPlayer
11:16:14.393 [FXGL Background Thread 3 ] DEBUG Engine               - class com.almasb.fxgl.notification.impl.NotificationServiceProvider
11:16:14.393 [FXGL Background Thread 3 ] DEBUG Engine               - class com.almasb.fxgl.achievement.AchievementService
11:16:14.393 [FXGL Background Thread 3 ] DEBUG Engine               - class com.almasb.fxgl.cutscene.CutsceneService
11:16:14.393 [FXGL Background Thread 3 ] DEBUG Engine               - class com.almasb.fxgl.minigames.MiniGameService
11:16:14.393 [FXGL Background Thread 3 ] DEBUG Engine               - class com.almasb.fxgl.net.NetService
11:16:14.393 [FXGL Background Thread 3 ] DEBUG Engine               - class com.almasb.fxgl.app.services.UpdaterService
11:16:14.393 [FXGL Background Thread 3 ] DEBUG Engine               - class com.almasb.fxgl.dev.DevService
11:17:32.092 [JavaFX Application Thread] DEBUG FXGLApplication      - Exiting FXGL
11:17:32.092 [JavaFX Application Thread] DEBUG LoopRunner           - Stopping loop
11:17:32.093 [JavaFX Application Thread] DEBUG SystemBundleService  - Saving FXGL system data
11:17:32.095 [JavaFX Application Thread] DEBUG FileSystemAccess     - Writing to: C:\Users\kappe\Desktop\io-game\system\fxgl.bundle
11:17:32.096 [JavaFX Application Thread] DEBUG Async                - Shutting down background threads
11:17:32.097 [JavaFX Application Thread] DEBUG PrimaryStageWindow   - Closing main window
11:17:32.120 [JavaFX Application Thread] DEBUG Logger               - Closing Logger
