10:57:59.453 [main                     ] DEBUG Logger               - Configured Logger
10:57:59.465 [main                     ] DEBUG GameApplication      - Logging settings
Title: Diep.io 2.0
Version: 0.0
Width: 1228
Height: 691
Fullscreen: true
Intro: false
Profiling: false
Single step:false
App Mode: DEVELOPER
Menu Key: ESCAPE
Stage Style: DECORATED
Scene Factory: class com.almasb.fxgl.app.scene.SceneFactory

10:57:59.816 [JavaFX Application Thread] DEBUG FXGLApplication      - Initializing FXGL
10:57:59.820 [JavaFX Application Thread] INFO  Engine               - FXGL-11.15 (13.04.2021 08.23) on WINDOWS (J:14.0.2 FX:15)
10:57:59.821 [JavaFX Application Thread] DEBUG Engine               - JRE Vendor Name: Oracle Corporation
10:57:59.821 [JavaFX Application Thread] DEBUG Engine               - Running on OS: Windows 10 version 10.0
10:57:59.821 [JavaFX Application Thread] DEBUG Engine               - Architecture: amd64
10:57:59.821 [JavaFX Application Thread] INFO  Engine               - Source code and latest versions at: https://github.com/AlmasB/FXGL
10:57:59.822 [JavaFX Application Thread] INFO  Engine               -              Join the FXGL chat at: https://gitter.im/AlmasB/FXGL
10:57:59.946 [JavaFX Application Thread] DEBUG PrimaryStageWindow   - Creating a JavaFX scene
10:57:59.997 [JavaFX Application Thread] DEBUG PrimaryStageWindow   - Target settings size: 1228.0 x 691.0
10:57:59.998 [JavaFX Application Thread] DEBUG PrimaryStageWindow   - Scaled scene size:    1228.0 x 691.0
10:57:59.998 [JavaFX Application Thread] DEBUG PrimaryStageWindow   - Scaled ratio: (1.0, 1.0)
10:57:59.999 [JavaFX Application Thread] DEBUG PrimaryStageWindow   - Set initial scene to FXGLStartupScene
10:58:00.008 [JavaFX Application Thread] DEBUG PrimaryStageWindow   - Opening main window
10:58:00.129 [JavaFX Application Thread] DEBUG PrimaryStageWindow   - Window border size: (14.4000244140625, 37.79998779296875)
10:58:00.129 [JavaFX Application Thread] DEBUG PrimaryStageWindow   - Scaled size: 1228.0 x 691.0
10:58:00.129 [JavaFX Application Thread] DEBUG PrimaryStageWindow   - Scaled ratio: (1.0, 1.0)
10:58:00.129 [JavaFX Application Thread] DEBUG PrimaryStageWindow   - Scene size: 1228.0 x 691.0
10:58:00.130 [JavaFX Application Thread] DEBUG PrimaryStageWindow   - Stage size: 1242.4000244140625 x 728.7999877929688
10:58:00.142 [FXGL Background Thread 1 ] DEBUG Engine               - Initializing environment variables
10:58:00.198 [FXGL Background Thread 1 ] DEBUG FXGLAssetLoaderServi - User app class for loading assets: class ch.bbbaden.io.game.Starter
10:58:00.199 [FXGL Background Thread 1 ] DEBUG GameApplicationServi - Applying CSS: fxgl_dark.css
10:58:00.200 [FXGL Background Thread 1 ] DEBUG FXGLAssetLoaderServi - Loading from file system: jar:file:/C:/Users/kappe/.m2/repository/com/github/almasb/fxgl/11.15/fxgl-11.15.jar!/fxglassets/ui/css/fxgl_dark.css
10:58:00.258 [FXGL Background Thread 1 ] DEBUG GameApplicationServi - Initializing application scenes
10:58:00.304 [FXGL Background Thread 1 ] DEBUG GameWorld            - Game world initialized
10:58:00.378 [FXGL Background Thread 1 ] DEBUG PhysicsWorld         - Physics world initialized: appHeight=691, physics.ppm=50.0
10:58:00.379 [FXGL Background Thread 1 ] DEBUG PhysicsWorld         - Using strategy: BRUTE_FORCE
10:58:00.383 [FXGL Background Thread 1 ] DEBUG GameScene            - Game scene initialized: 1228x691
10:58:00.398 [FXGL Background Thread 1 ] DEBUG FXGL.DefaultMenu     - createMenuBodyGameMenu()
10:58:00.417 [FXGL Background Thread 1 ] DEBUG FXGL.DefaultMenu     - createOptionsMenu()
10:58:00.429 [FXGL Background Thread 1 ] DEBUG FXGLAssetLoaderServi - Loading from file system: jar:file:/C:/Users/kappe/.m2/repository/com/github/almasb/fxgl/11.15/fxgl-11.15.jar!/fxglassets/textures/particles/smoke.png
10:58:00.525 [FXGL Background Thread 1 ] DEBUG FXGLAssetLoaderServi - Loading from file system: jar:file:/C:/Users/kappe/.m2/repository/com/github/almasb/fxgl/11.15/fxgl-11.15.jar!/fxglassets/textures/particles/trace_horizontal.png
10:58:00.557 [FXGL Background Thread 1 ] DEBUG GameApplicationServi - Application scenes initialized
10:58:00.567 [FXGL Background Thread 1 ] DEBUG SystemBundleService  - Loading FXGL system data
10:58:00.571 [FXGL Background Thread 1 ] DEBUG FileSystemAccess     - Reading from: C:\Users\kappe\Desktop\io-game\system\fxgl.bundle
10:58:00.576 [FXGL Background Thread 1 ] DEBUG SystemBundleService  - Bundle FXGL: {}
10:58:00.576 [FXGL Background Thread 1 ] DEBUG UpdaterService       - Checking for updates
10:58:00.580 [FXGL Background Thread 4 ] DEBUG FXGLApplication      - Loading fonts
10:58:00.581 [FXGL Background Thread 4 ] DEBUG FXGLAssetLoaderServi - Loading from file system: jar:file:/C:/Users/kappe/.m2/repository/com/github/almasb/fxgl/11.15/fxgl-11.15.jar!/fxglassets/ui/fonts/VarelaRound-Regular.ttf
10:58:00.581 [FXGL Background Thread 1 ] DEBUG FXGLApplication      - Loading default localization
10:58:00.581 [FXGL Background Thread 1 ] DEBUG FXGLAssetLoaderServi - Loading from file system: jar:file:/C:/Users/kappe/.m2/repository/com/github/almasb/fxgl/11.15/fxgl-11.15.jar!/fxglassets/languages/english.lang
10:58:00.597 [FXGL Background Thread 1 ] INFO  FXGLApplication      - FXGL initialization took: 0.455 sec
10:58:00.610 [JavaFX Application Thread] DEBUG Input                - Registered new binding: action0 - W
10:58:00.611 [JavaFX Application Thread] DEBUG Input                - Registered new binding: action1 - S
10:58:00.611 [JavaFX Application Thread] DEBUG Input                - Registered new binding: action2 - A
10:58:00.611 [JavaFX Application Thread] DEBUG Input                - Registered new binding: action3 - D
10:58:00.612 [JavaFX Application Thread] DEBUG Input                - Registered new binding: action4 - O
10:58:00.613 [JavaFX Application Thread] DEBUG Input                - Registered new binding: action5 - LMB
10:58:00.614 [JavaFX Application Thread] DEBUG FXGLAssetLoaderServi - Loading from file system: jar:file:/C:/Users/kappe/.m2/repository/com/github/almasb/fxgl/11.15/fxgl-11.15.jar!/fxglassets/textures/fxgl_icon.png
10:58:00.632 [FXGL Background Thread 4 ] DEBUG FXGLAssetLoaderServi - Loading from file system: jar:file:/C:/Users/kappe/.m2/repository/com/github/almasb/fxgl/11.15/fxgl-11.15.jar!/fxglassets/ui/fonts/Abel-Regular.ttf
10:58:00.635 [FXGL Background Thread 4 ] DEBUG FXGLAssetLoaderServi - Loading from file system: jar:file:/C:/Users/kappe/.m2/repository/com/github/almasb/fxgl/11.15/fxgl-11.15.jar!/fxglassets/ui/fonts/lucida_console.ttf
10:58:00.639 [JavaFX Application Thread] DEBUG FXGLAssetLoaderServi - Loading from file system: jar:file:/C:/Users/kappe/.m2/repository/com/github/almasb/fxgl/11.15/fxgl-11.15.jar!/fxglassets/ui/cursors/fxgl_default.png
10:58:00.641 [FXGL Background Thread 4 ] DEBUG FXGLAssetLoaderServi - Loading from file system: jar:file:/C:/Users/kappe/.m2/repository/com/github/almasb/fxgl/11.15/fxgl-11.15.jar!/fxglassets/ui/fonts/Courier-Prime.ttf
10:58:00.642 [JavaFX Application Thread] DEBUG Input                - Registered new binding: Screenshot - CTRL+8
10:58:00.643 [JavaFX Application Thread] DEBUG Input                - Registered new binding: System info dump - CTRL+9
10:58:00.643 [JavaFX Application Thread] DEBUG Input                - Registered new binding: Restart - CTRL+R
10:58:00.644 [JavaFX Application Thread] DEBUG Input                - Registered new binding: Toggle Debug Camera - CTRL+C
10:58:00.647 [JavaFX Application Thread] DEBUG LoopRunner           - Starting loop
10:58:00.647 [JavaFX Application Thread] DEBUG LoopRunner           - Initializing JavaFX AnimationTimerLoop
10:58:00.648 [JavaFX Application Thread] DEBUG GameApplicationServi - Starting new game
10:58:00.649 [JavaFX Application Thread] DEBUG Input                - Clearing active input actions
10:58:00.659 [JavaFX Application Thread] DEBUG GameApplicationServi - Removing overlay from FXGLStartupScene and adding to FXGLLoadingScene
10:58:00.659 [JavaFX Application Thread] DEBUG PrimaryStageWindow   - FXGLStartupScene -> FXGLLoadingScene
10:58:00.659 [JavaFX Application Thread] DEBUG GameApplicationServi - Clearing previous game
10:58:00.660 [JavaFX Application Thread] DEBUG GameScene            - Clearing game scene
10:58:00.660 [JavaFX Application Thread] DEBUG GameWorld            - Clearing game world
10:58:00.660 [JavaFX Application Thread] DEBUG PhysicsWorld         - Clearing physics world
10:58:00.661 [FXGL Background Thread 4 ] DEBUG FXGLApplication      - Initializing game
10:58:00.661 [JavaFX Application Thread] DEBUG FXGLApplication      - Registering font factories with UI factory
10:58:00.694 [FXGL Background Thread 4 ] INFO  FXGLApplication      - Game initialization took: 0.032 sec
10:58:00.710 [JavaFX Application Thread] DEBUG Input                - Clearing active input actions
10:58:00.726 [JavaFX Application Thread] DEBUG GameApplicationServi - Removing overlay from FXGLLoadingScene and adding to GameScene
10:58:00.727 [JavaFX Application Thread] DEBUG PrimaryStageWindow   - FXGLLoadingScene -> GameScene
10:58:03.586 [FXGL Background Thread 3 ] DEBUG Engine               - Logging environment variables
10:58:03.587 [FXGL Background Thread 3 ] DEBUG Engine               - achievements: []
10:58:03.587 [FXGL Background Thread 3 ] DEBUG Engine               - actualHeight: 691.0
10:58:03.587 [FXGL Background Thread 3 ] DEBUG Engine               - actualHeightProperty: ReadOnlyDoubleProperty [value: 691.0]
10:58:03.587 [FXGL Background Thread 3 ] DEBUG Engine               - actualWidth: 1228.0
10:58:03.587 [FXGL Background Thread 3 ] DEBUG Engine               - actualWidthProperty: ReadOnlyDoubleProperty [value: 1228.0]
10:58:03.587 [FXGL Background Thread 3 ] DEBUG Engine               - appIcon: fxgl_icon.png
10:58:03.588 [FXGL Background Thread 3 ] DEBUG Engine               - applicationMode: DEVELOPER
10:58:03.588 [FXGL Background Thread 3 ] DEBUG Engine               - cSSList: [fxgl_dark.css]
10:58:03.588 [FXGL Background Thread 3 ] DEBUG Engine               - collisionDetectionStrategy: BRUTE_FORCE
10:58:03.588 [FXGL Background Thread 3 ] DEBUG Engine               - configClass: Optional.empty
10:58:03.588 [FXGL Background Thread 3 ] DEBUG Engine               - credits: []
10:58:03.589 [FXGL Background Thread 3 ] DEBUG Engine               - devBBoxColorProperty: ObjectProperty [value: 0xff0000ff]
10:58:03.589 [FXGL Background Thread 3 ] DEBUG Engine               - devEnableDebugCameraProperty: BooleanProperty [value: false]
10:58:03.589 [FXGL Background Thread 3 ] DEBUG Engine               - devSensorColorProperty: ObjectProperty [value: 0xffff00ff]
10:58:03.589 [FXGL Background Thread 3 ] DEBUG Engine               - devShowBBoxProperty: BooleanProperty [value: false]
10:58:03.589 [FXGL Background Thread 3 ] DEBUG Engine               - devShowPositionProperty: BooleanProperty [value: false]
10:58:03.590 [FXGL Background Thread 3 ] DEBUG Engine               - enabledMenuItems: []
10:58:03.590 [FXGL Background Thread 3 ] DEBUG Engine               - engineServices: [class com.almasb.fxgl.app.services.FXGLAssetLoaderService, class com.almasb.fxgl.app.FXGLApplication$GameApplicationService, class com.almasb.fxgl.app.services.FXGLDialogService, class com.almasb.fxgl.app.services.IOTaskExecutorService, class com.almasb.fxgl.event.EventBusService, class com.almasb.fxgl.io.FileSystemService, class com.almasb.fxgl.localization.LocalizationService, class com.almasb.fxgl.app.services.SystemBundleService, class com.almasb.fxgl.profile.SaveLoadService, class com.almasb.fxgl.ui.FXGLUIFactoryServiceProvider, class com.almasb.fxgl.ui.FXGLDialogFactoryServiceProvider, class com.almasb.fxgl.audio.AudioPlayer, class com.almasb.fxgl.notification.impl.NotificationServiceProvider, class com.almasb.fxgl.achievement.AchievementService, class com.almasb.fxgl.cutscene.CutsceneService, class com.almasb.fxgl.minigames.MiniGameService, class com.almasb.fxgl.net.NetService, class com.almasb.fxgl.app.services.UpdaterService, class com.almasb.fxgl.dev.DevService]
10:58:03.590 [FXGL Background Thread 3 ] DEBUG Engine               - fontGame: Abel-Regular.ttf
10:58:03.590 [FXGL Background Thread 3 ] DEBUG Engine               - fontMono: lucida_console.ttf
10:58:03.590 [FXGL Background Thread 3 ] DEBUG Engine               - fontText: Courier-Prime.ttf
10:58:03.590 [FXGL Background Thread 3 ] DEBUG Engine               - fontUI: VarelaRound-Regular.ttf
10:58:03.590 [FXGL Background Thread 3 ] DEBUG Engine               - fullScreen: BooleanProperty [value: false]
10:58:03.590 [FXGL Background Thread 3 ] DEBUG Engine               - gameDifficulty: MEDIUM
10:58:03.591 [FXGL Background Thread 3 ] DEBUG Engine               - gameDifficultyProperty: ObjectProperty [value: MEDIUM]
10:58:03.591 [FXGL Background Thread 3 ] DEBUG Engine               - globalMusicVolume: 0.5
10:58:03.591 [FXGL Background Thread 3 ] DEBUG Engine               - globalMusicVolumeProperty: DoubleProperty [value: 0.5]
10:58:03.591 [FXGL Background Thread 3 ] DEBUG Engine               - globalSoundVolume: 0.5
10:58:03.591 [FXGL Background Thread 3 ] DEBUG Engine               - globalSoundVolumeProperty: DoubleProperty [value: 0.5]
10:58:03.592 [FXGL Background Thread 3 ] DEBUG Engine               - height: 691
10:58:03.592 [FXGL Background Thread 3 ] DEBUG Engine               - isAndroid: false
10:58:03.592 [FXGL Background Thread 3 ] DEBUG Engine               - isBrowser: false
10:58:03.592 [FXGL Background Thread 3 ] DEBUG Engine               - isClickFeedbackEnabled: false
10:58:03.592 [FXGL Background Thread 3 ] DEBUG Engine               - isCloseConfirmation: false
10:58:03.592 [FXGL Background Thread 3 ] DEBUG Engine               - isDesktop: true
10:58:03.592 [FXGL Background Thread 3 ] DEBUG Engine               - isDeveloperMenuEnabled: false
10:58:03.592 [FXGL Background Thread 3 ] DEBUG Engine               - isEntityPreloadEnabled: true
10:58:03.592 [FXGL Background Thread 3 ] DEBUG Engine               - isExperimental3D: false
10:58:03.593 [FXGL Background Thread 3 ] DEBUG Engine               - isExperimentalNative: false
10:58:03.593 [FXGL Background Thread 3 ] DEBUG Engine               - isExperimentalTiledLargeMap: false
10:58:03.593 [FXGL Background Thread 3 ] DEBUG Engine               - isFileSystemWriteAllowed: true
10:58:03.593 [FXGL Background Thread 3 ] DEBUG Engine               - isFullScreenAllowed: true
10:58:03.593 [FXGL Background Thread 3 ] DEBUG Engine               - isFullScreenFromStart: false
10:58:03.593 [FXGL Background Thread 3 ] DEBUG Engine               - isGameMenuEnabled: true
10:58:03.593 [FXGL Background Thread 3 ] DEBUG Engine               - isIOS: false
10:58:03.593 [FXGL Background Thread 3 ] DEBUG Engine               - isIntroEnabled: false
10:58:03.593 [FXGL Background Thread 3 ] DEBUG Engine               - isLinux: false
10:58:03.594 [FXGL Background Thread 3 ] DEBUG Engine               - isMac: false
10:58:03.594 [FXGL Background Thread 3 ] DEBUG Engine               - isMainMenuEnabled: false
10:58:03.594 [FXGL Background Thread 3 ] DEBUG Engine               - isManualResizeEnabled: false
10:58:03.594 [FXGL Background Thread 3 ] DEBUG Engine               - isMobile: false
10:58:03.594 [FXGL Background Thread 3 ] DEBUG Engine               - isPreserveResizeRatio: false
10:58:03.594 [FXGL Background Thread 3 ] DEBUG Engine               - isProfilingEnabled: false
10:58:03.594 [FXGL Background Thread 3 ] DEBUG Engine               - isScaleAffectedOnResize: true
10:58:03.594 [FXGL Background Thread 3 ] DEBUG Engine               - isSingleStep: false
10:58:03.594 [FXGL Background Thread 3 ] DEBUG Engine               - isUserProfileEnabled: false
10:58:03.594 [FXGL Background Thread 3 ] DEBUG Engine               - isWindows: true
10:58:03.595 [FXGL Background Thread 3 ] DEBUG Engine               - language: ObjectProperty [value: ENGLISH]
10:58:03.595 [FXGL Background Thread 3 ] DEBUG Engine               - menuKey: ESCAPE
10:58:03.595 [FXGL Background Thread 3 ] DEBUG Engine               - notificationViewClass: class com.almasb.fxgl.notification.view.XboxNotificationView
10:58:03.595 [FXGL Background Thread 3 ] DEBUG Engine               - pixelsPerMeter: 50.0
10:58:03.595 [FXGL Background Thread 3 ] DEBUG Engine               - platform: WINDOWS
10:58:03.595 [FXGL Background Thread 3 ] DEBUG Engine               - prefHeightProperty: ReadOnlyDoubleProperty [value: 691.0]
10:58:03.595 [FXGL Background Thread 3 ] DEBUG Engine               - prefWidthProperty: ReadOnlyDoubleProperty [value: 1228.0]
10:58:03.595 [FXGL Background Thread 3 ] DEBUG Engine               - profileDir: profiles/
10:58:03.595 [FXGL Background Thread 3 ] DEBUG Engine               - profileName: StringProperty [value: DEFAULT]
10:58:03.596 [FXGL Background Thread 3 ] DEBUG Engine               - randomSeed: -1
10:58:03.596 [FXGL Background Thread 3 ] DEBUG Engine               - runtimeInfo: RuntimeInfo(platform=WINDOWS, version=11.15, build=13.04.2021 08.23)
10:58:03.596 [FXGL Background Thread 3 ] DEBUG Engine               - saveFileExt: sav
10:58:03.596 [FXGL Background Thread 3 ] DEBUG Engine               - scaledHeightProp$fxgl: DoubleProperty [bound, value: 691.0]
10:58:03.596 [FXGL Background Thread 3 ] DEBUG Engine               - scaledWidthProp$fxgl: DoubleProperty [bound, value: 1228.0]
10:58:03.596 [FXGL Background Thread 3 ] DEBUG Engine               - sceneFactory: com.almasb.fxgl.app.scene.SceneFactory@27493a78
10:58:03.596 [FXGL Background Thread 3 ] DEBUG Engine               - secondsIn24h: 60
10:58:03.597 [FXGL Background Thread 3 ] DEBUG Engine               - soundMenuBack: menu/back.wav
10:58:03.597 [FXGL Background Thread 3 ] DEBUG Engine               - soundMenuPress: menu/press.wav
10:58:03.597 [FXGL Background Thread 3 ] DEBUG Engine               - soundMenuSelect: menu/select.wav
10:58:03.597 [FXGL Background Thread 3 ] DEBUG Engine               - soundNotification: core/notification.wav
10:58:03.597 [FXGL Background Thread 3 ] DEBUG Engine               - stageStyle: DECORATED
10:58:03.597 [FXGL Background Thread 3 ] DEBUG Engine               - supportedLanguages: [ENGLISH, FRENCH, GERMAN, HUNGARIAN, RUSSIAN]
10:58:03.597 [FXGL Background Thread 3 ] DEBUG Engine               - ticksPerSecond: -1
10:58:03.597 [FXGL Background Thread 3 ] DEBUG Engine               - title: Diep.io 2.0
10:58:03.597 [FXGL Background Thread 3 ] DEBUG Engine               - urlGithub: https://github.com/AlmasB/FXGL
10:58:03.597 [FXGL Background Thread 3 ] DEBUG Engine               - urlLeaderboard: http://fxgl-top.herokuapp.com/
10:58:03.598 [FXGL Background Thread 3 ] DEBUG Engine               - urlPOM: https://raw.githubusercontent.com/AlmasB/FXGL/release/README.md
10:58:03.598 [FXGL Background Thread 3 ] DEBUG Engine               - userAppClass: class ch.bbbaden.io.game.Starter
10:58:03.598 [FXGL Background Thread 3 ] DEBUG Engine               - version: 0.0
10:58:03.598 [FXGL Background Thread 3 ] DEBUG Engine               - versionCheckDays: 7
10:58:03.598 [FXGL Background Thread 3 ] DEBUG Engine               - width: 1228
10:58:03.598 [FXGL Background Thread 3 ] DEBUG Engine               - Logging services
10:58:03.598 [FXGL Background Thread 3 ] DEBUG Engine               - class com.almasb.fxgl.app.services.FXGLAssetLoaderService
10:58:03.599 [FXGL Background Thread 3 ] DEBUG Engine               - class com.almasb.fxgl.app.FXGLApplication$GameApplicationService
10:58:03.599 [FXGL Background Thread 3 ] DEBUG Engine               - class com.almasb.fxgl.app.services.FXGLDialogService
10:58:03.599 [FXGL Background Thread 3 ] DEBUG Engine               - class com.almasb.fxgl.app.services.IOTaskExecutorService
10:58:03.599 [FXGL Background Thread 3 ] DEBUG Engine               - class com.almasb.fxgl.event.EventBusService
10:58:03.599 [FXGL Background Thread 3 ] DEBUG Engine               - class com.almasb.fxgl.io.FileSystemService
10:58:03.599 [FXGL Background Thread 3 ] DEBUG Engine               - class com.almasb.fxgl.localization.LocalizationService
10:58:03.599 [FXGL Background Thread 3 ] DEBUG Engine               - class com.almasb.fxgl.app.services.SystemBundleService
10:58:03.599 [FXGL Background Thread 3 ] DEBUG Engine               - class com.almasb.fxgl.profile.SaveLoadService
10:58:03.599 [FXGL Background Thread 3 ] DEBUG Engine               - class com.almasb.fxgl.ui.FXGLUIFactoryServiceProvider
10:58:03.599 [FXGL Background Thread 3 ] DEBUG Engine               - class com.almasb.fxgl.ui.FXGLDialogFactoryServiceProvider
10:58:03.600 [FXGL Background Thread 3 ] DEBUG Engine               - class com.almasb.fxgl.audio.AudioPlayer
10:58:03.600 [FXGL Background Thread 3 ] DEBUG Engine               - class com.almasb.fxgl.notification.impl.NotificationServiceProvider
10:58:03.600 [FXGL Background Thread 3 ] DEBUG Engine               - class com.almasb.fxgl.achievement.AchievementService
10:58:03.600 [FXGL Background Thread 3 ] DEBUG Engine               - class com.almasb.fxgl.cutscene.CutsceneService
10:58:03.600 [FXGL Background Thread 3 ] DEBUG Engine               - class com.almasb.fxgl.minigames.MiniGameService
10:58:03.600 [FXGL Background Thread 3 ] DEBUG Engine               - class com.almasb.fxgl.net.NetService
10:58:03.600 [FXGL Background Thread 3 ] DEBUG Engine               - class com.almasb.fxgl.app.services.UpdaterService
10:58:03.600 [FXGL Background Thread 3 ] DEBUG Engine               - class com.almasb.fxgl.dev.DevService
10:58:30.964 [JavaFX Application Thread] DEBUG FXGLApplication      - Exiting FXGL
10:58:30.964 [JavaFX Application Thread] DEBUG LoopRunner           - Stopping loop
10:58:30.964 [JavaFX Application Thread] DEBUG SystemBundleService  - Saving FXGL system data
10:58:30.967 [JavaFX Application Thread] DEBUG FileSystemAccess     - Writing to: C:\Users\kappe\Desktop\io-game\system\fxgl.bundle
10:58:30.968 [JavaFX Application Thread] DEBUG Async                - Shutting down background threads
10:58:30.969 [JavaFX Application Thread] DEBUG PrimaryStageWindow   - Closing main window
10:58:30.992 [JavaFX Application Thread] DEBUG Logger               - Closing Logger
